[NOTE] # OF ITERATIONS: 0
	NOT BREAKING B/C ALLWORDS != FOUNDWORDS
	positions[0]: (3996, 'in')
	#1 RESULT OF CONDITIONAL: 0 + 0 < 3 || 0 - 0 > 0: True
	EXCEEDED: 0
	#2 RESULT OF CONDITIONAL: 0 + 0 < 2: True
	AHEAD_IDX: 3996, AHEAD_WORD: in (DIST: 0)
	#3 RESULT OF CONDITIONAL: 0 - 0 >= 0: True
	BEHIND_IDX: 3996, BEHIND_WORD: in (DIST: 0)
	NOT BREAKING B/C ALLWORDS != FOUNDWORDS && EXCEEDED != 2
	positions[1]: (4135, 'network')
	#1 RESULT OF CONDITIONAL: 0 + 1 < 3 || 0 - 1 > 0: True
	EXCEEDED: 0
	#2 RESULT OF CONDITIONAL: 0 + 1 < 2: True
	AHEAD_IDX: 4135, AHEAD_WORD: network (DIST: 139)
	#1 ADDED WORD TO FOUNDWORDS: {'network', 'in'}
	#3 RESULT OF CONDITIONAL: 0 - 1 >= 0: False
	NOT ENTERING SEARCH J BEHIND B/C: 0 - 1 >= 0: False
	NOT BREAKING B/C ALLWORDS != FOUNDWORDS && EXCEEDED != 2
	positions[2]: (4156, 'a')
	#1 RESULT OF CONDITIONAL: 0 + 2 < 3 || 0 - 2 > 0: True
	EXCEEDED: 0
	#3 RESULT OF CONDITIONAL: 0 - 2 >= 0: False
	NOT ENTERING SEARCH J BEHIND B/C: 0 - 2 >= 0: False
	NOT BREAKING B/C ALLWORDS != FOUNDWORDS && EXCEEDED != 2
	NOT BREAKING B/C ALLWORDS != FOUNDWORDS
	positions[0]: (3996, 'in')
	#1 RESULT OF CONDITIONAL: 1 + 0 < 3 || 1 - 0 > 0: True
	EXCEEDED: 0
	#2 RESULT OF CONDITIONAL: 1 + 0 < 2: True
	AHEAD_IDX: 4135, AHEAD_WORD: network (DIST: 0)
	#3 RESULT OF CONDITIONAL: 1 - 0 >= 0: True
	BEHIND_IDX: 4135, BEHIND_WORD: network (DIST: 0)
	NOT BREAKING B/C ALLWORDS != FOUNDWORDS && EXCEEDED != 2
	positions[1]: (4135, 'network')
	#1 RESULT OF CONDITIONAL: 1 + 1 < 3 || 1 - 1 > 0: True
	EXCEEDED: 0
	#3 RESULT OF CONDITIONAL: 1 - 1 >= 0: True
	BEHIND_IDX: 3996, BEHIND_WORD: in (DIST: 139)
	#2 ADDED WORD TO FOUNDWORDS: {'network', 'in'}
	NOT BREAKING B/C ALLWORDS != FOUNDWORDS && EXCEEDED != 2
	positions[2]: (4156, 'a')
	#1 RESULT OF CONDITIONAL: 1 + 2 < 3 || 1 - 2 > 0: False
	NOT BREAKING B/C ALLWORDS != FOUNDWORDS
	positions[0]: (3996, 'in')
	#1 RESULT OF CONDITIONAL: 2 + 0 < 3 || 2 - 0 > 0: True
	EXCEEDED: 0
	#3 RESULT OF CONDITIONAL: 2 - 0 >= 0: True
	BEHIND_IDX: 4156, BEHIND_WORD: a (DIST: 0)
	NOT BREAKING B/C ALLWORDS != FOUNDWORDS && EXCEEDED != 2
	positions[1]: (4135, 'network')
	#1 RESULT OF CONDITIONAL: 2 + 1 < 3 || 2 - 1 > 0: True
	EXCEEDED: 0
	#3 RESULT OF CONDITIONAL: 2 - 1 >= 0: True
	BEHIND_IDX: 4135, BEHIND_WORD: network (DIST: 21)
	#2 ADDED WORD TO FOUNDWORDS: {'network', 'a'}
	NOT BREAKING B/C ALLWORDS != FOUNDWORDS && EXCEEDED != 2
	positions[2]: (4156, 'a')
	#1 RESULT OF CONDITIONAL: 2 + 2 < 3 || 2 - 2 > 0: False
[NOTE] # OF ITERATIONS: 1
	NOT BREAKING B/C ALLWORDS != FOUNDWORDS
	positions[0]: (2601, 'network')
	#1 RESULT OF CONDITIONAL: 0 + 0 < 3 || 0 - 0 > 0: True
	EXCEEDED: 0
	#2 RESULT OF CONDITIONAL: 0 + 0 < 2: True
	AHEAD_IDX: 2601, AHEAD_WORD: network (DIST: 0)
	#3 RESULT OF CONDITIONAL: 0 - 0 >= 0: True
	BEHIND_IDX: 2601, BEHIND_WORD: network (DIST: 0)
	NOT BREAKING B/C ALLWORDS != FOUNDWORDS && EXCEEDED != 2
	positions[1]: (3461, 'in')
	#1 RESULT OF CONDITIONAL: 0 + 1 < 3 || 0 - 1 > 0: True
	EXCEEDED: 0
	#2 RESULT OF CONDITIONAL: 0 + 1 < 2: True
	AHEAD_IDX: 3461, AHEAD_WORD: in (DIST: 860)
	#1 INCREMENTED EXCEEDED: 1
	#3 RESULT OF CONDITIONAL: 0 - 1 >= 0: False
	NOT ENTERING SEARCH J BEHIND B/C: 0 - 1 >= 0: False
	NOT BREAKING B/C ALLWORDS != FOUNDWORDS && EXCEEDED != 2
	positions[2]: (3469, 'a')
	#1 RESULT OF CONDITIONAL: 0 + 2 < 3 || 0 - 2 > 0: True
	EXCEEDED: 0
	#3 RESULT OF CONDITIONAL: 0 - 2 >= 0: False
	NOT ENTERING SEARCH J BEHIND B/C: 0 - 2 >= 0: False
	NOT BREAKING B/C ALLWORDS != FOUNDWORDS && EXCEEDED != 2
	NOT BREAKING B/C ALLWORDS != FOUNDWORDS
	positions[0]: (2601, 'network')
	#1 RESULT OF CONDITIONAL: 1 + 0 < 3 || 1 - 0 > 0: True
	EXCEEDED: 0
	#2 RESULT OF CONDITIONAL: 1 + 0 < 2: True
	AHEAD_IDX: 3461, AHEAD_WORD: in (DIST: 0)
	#3 RESULT OF CONDITIONAL: 1 - 0 >= 0: True
	BEHIND_IDX: 3461, BEHIND_WORD: in (DIST: 0)
	NOT BREAKING B/C ALLWORDS != FOUNDWORDS && EXCEEDED != 2
	positions[1]: (3461, 'in')
	#1 RESULT OF CONDITIONAL: 1 + 1 < 3 || 1 - 1 > 0: True
	EXCEEDED: 0
	#3 RESULT OF CONDITIONAL: 1 - 1 >= 0: True
	BEHIND_IDX: 2601, BEHIND_WORD: network (DIST: 860)
	#2 INCREMENTED EXCEEDED: 1
	NOT BREAKING B/C ALLWORDS != FOUNDWORDS && EXCEEDED != 2
	positions[2]: (3469, 'a')
	#1 RESULT OF CONDITIONAL: 1 + 2 < 3 || 1 - 2 > 0: False
	NOT BREAKING B/C ALLWORDS != FOUNDWORDS
	positions[0]: (2601, 'network')
	#1 RESULT OF CONDITIONAL: 2 + 0 < 3 || 2 - 0 > 0: True
	EXCEEDED: 0
	#3 RESULT OF CONDITIONAL: 2 - 0 >= 0: True
	BEHIND_IDX: 3469, BEHIND_WORD: a (DIST: 0)
	NOT BREAKING B/C ALLWORDS != FOUNDWORDS && EXCEEDED != 2
	positions[1]: (3461, 'in')
	#1 RESULT OF CONDITIONAL: 2 + 1 < 3 || 2 - 1 > 0: True
	EXCEEDED: 0
	#3 RESULT OF CONDITIONAL: 2 - 1 >= 0: True
	BEHIND_IDX: 3461, BEHIND_WORD: in (DIST: 8)
	#2 ADDED WORD TO FOUNDWORDS: {'in', 'a'}
	NOT BREAKING B/C ALLWORDS != FOUNDWORDS && EXCEEDED != 2
	positions[2]: (3469, 'a')
	#1 RESULT OF CONDITIONAL: 2 + 2 < 3 || 2 - 2 > 0: False
[NOTE] # OF ITERATIONS: 2
	NOT BREAKING B/C ALLWORDS != FOUNDWORDS
	positions[0]: (6425, 'network')
	#1 RESULT OF CONDITIONAL: 0 + 0 < 3 || 0 - 0 > 0: True
	EXCEEDED: 0
	#2 RESULT OF CONDITIONAL: 0 + 0 < 2: True
	AHEAD_IDX: 6425, AHEAD_WORD: network (DIST: 0)
	#3 RESULT OF CONDITIONAL: 0 - 0 >= 0: True
	BEHIND_IDX: 6425, BEHIND_WORD: network (DIST: 0)
	NOT BREAKING B/C ALLWORDS != FOUNDWORDS && EXCEEDED != 2
	positions[1]: (6641, 'in')
	#1 RESULT OF CONDITIONAL: 0 + 1 < 3 || 0 - 1 > 0: True
	EXCEEDED: 0
	#2 RESULT OF CONDITIONAL: 0 + 1 < 2: True
	AHEAD_IDX: 6641, AHEAD_WORD: in (DIST: 216)
	#1 INCREMENTED EXCEEDED: 1
	#3 RESULT OF CONDITIONAL: 0 - 1 >= 0: False
	NOT ENTERING SEARCH J BEHIND B/C: 0 - 1 >= 0: False
	NOT BREAKING B/C ALLWORDS != FOUNDWORDS && EXCEEDED != 2
	positions[2]: (6678, 'a')
	#1 RESULT OF CONDITIONAL: 0 + 2 < 3 || 0 - 2 > 0: True
	EXCEEDED: 0
	#3 RESULT OF CONDITIONAL: 0 - 2 >= 0: False
	NOT ENTERING SEARCH J BEHIND B/C: 0 - 2 >= 0: False
	NOT BREAKING B/C ALLWORDS != FOUNDWORDS && EXCEEDED != 2
	NOT BREAKING B/C ALLWORDS != FOUNDWORDS
	positions[0]: (6425, 'network')
	#1 RESULT OF CONDITIONAL: 1 + 0 < 3 || 1 - 0 > 0: True
	EXCEEDED: 0
	#2 RESULT OF CONDITIONAL: 1 + 0 < 2: True
	AHEAD_IDX: 6641, AHEAD_WORD: in (DIST: 0)
	#3 RESULT OF CONDITIONAL: 1 - 0 >= 0: True
	BEHIND_IDX: 6641, BEHIND_WORD: in (DIST: 0)
	NOT BREAKING B/C ALLWORDS != FOUNDWORDS && EXCEEDED != 2
	positions[1]: (6641, 'in')
	#1 RESULT OF CONDITIONAL: 1 + 1 < 3 || 1 - 1 > 0: True
	EXCEEDED: 0
	#3 RESULT OF CONDITIONAL: 1 - 1 >= 0: True
	BEHIND_IDX: 6425, BEHIND_WORD: network (DIST: 216)
	#2 INCREMENTED EXCEEDED: 1
	NOT BREAKING B/C ALLWORDS != FOUNDWORDS && EXCEEDED != 2
	positions[2]: (6678, 'a')
	#1 RESULT OF CONDITIONAL: 1 + 2 < 3 || 1 - 2 > 0: False
	NOT BREAKING B/C ALLWORDS != FOUNDWORDS
	positions[0]: (6425, 'network')
	#1 RESULT OF CONDITIONAL: 2 + 0 < 3 || 2 - 0 > 0: True
	EXCEEDED: 0
	#3 RESULT OF CONDITIONAL: 2 - 0 >= 0: True
	BEHIND_IDX: 6678, BEHIND_WORD: a (DIST: 0)
	NOT BREAKING B/C ALLWORDS != FOUNDWORDS && EXCEEDED != 2
	positions[1]: (6641, 'in')
	#1 RESULT OF CONDITIONAL: 2 + 1 < 3 || 2 - 1 > 0: True
	EXCEEDED: 0
	#3 RESULT OF CONDITIONAL: 2 - 1 >= 0: True
	BEHIND_IDX: 6641, BEHIND_WORD: in (DIST: 37)
	#2 ADDED WORD TO FOUNDWORDS: {'in', 'a'}
	NOT BREAKING B/C ALLWORDS != FOUNDWORDS && EXCEEDED != 2
	positions[2]: (6678, 'a')
	#1 RESULT OF CONDITIONAL: 2 + 2 < 3 || 2 - 2 > 0: False
[NOTE] # OF ITERATIONS: 3
	NOT BREAKING B/C ALLWORDS != FOUNDWORDS
	positions[0]: (126, 'network')
	#1 RESULT OF CONDITIONAL: 0 + 0 < 3 || 0 - 0 > 0: True
	EXCEEDED: 0
	#2 RESULT OF CONDITIONAL: 0 + 0 < 2: True
	AHEAD_IDX: 126, AHEAD_WORD: network (DIST: 0)
	#3 RESULT OF CONDITIONAL: 0 - 0 >= 0: True
	BEHIND_IDX: 126, BEHIND_WORD: network (DIST: 0)
	NOT BREAKING B/C ALLWORDS != FOUNDWORDS && EXCEEDED != 2
	positions[1]: (974, 'in')
	#1 RESULT OF CONDITIONAL: 0 + 1 < 3 || 0 - 1 > 0: True
	EXCEEDED: 0
	#2 RESULT OF CONDITIONAL: 0 + 1 < 2: True
	AHEAD_IDX: 974, AHEAD_WORD: in (DIST: 848)
	#1 INCREMENTED EXCEEDED: 1
	#3 RESULT OF CONDITIONAL: 0 - 1 >= 0: False
	NOT ENTERING SEARCH J BEHIND B/C: 0 - 1 >= 0: False
	NOT BREAKING B/C ALLWORDS != FOUNDWORDS && EXCEEDED != 2
	positions[2]: (1016, 'a')
	#1 RESULT OF CONDITIONAL: 0 + 2 < 3 || 0 - 2 > 0: True
	EXCEEDED: 0
	#3 RESULT OF CONDITIONAL: 0 - 2 >= 0: False
	NOT ENTERING SEARCH J BEHIND B/C: 0 - 2 >= 0: False
	NOT BREAKING B/C ALLWORDS != FOUNDWORDS && EXCEEDED != 2
	NOT BREAKING B/C ALLWORDS != FOUNDWORDS
	positions[0]: (126, 'network')
	#1 RESULT OF CONDITIONAL: 1 + 0 < 3 || 1 - 0 > 0: True
	EXCEEDED: 0
	#2 RESULT OF CONDITIONAL: 1 + 0 < 2: True
	AHEAD_IDX: 974, AHEAD_WORD: in (DIST: 0)
	#3 RESULT OF CONDITIONAL: 1 - 0 >= 0: True
	BEHIND_IDX: 974, BEHIND_WORD: in (DIST: 0)
	NOT BREAKING B/C ALLWORDS != FOUNDWORDS && EXCEEDED != 2
	positions[1]: (974, 'in')
	#1 RESULT OF CONDITIONAL: 1 + 1 < 3 || 1 - 1 > 0: True
	EXCEEDED: 0
	#3 RESULT OF CONDITIONAL: 1 - 1 >= 0: True
	BEHIND_IDX: 126, BEHIND_WORD: network (DIST: 848)
	#2 INCREMENTED EXCEEDED: 1
	NOT BREAKING B/C ALLWORDS != FOUNDWORDS && EXCEEDED != 2
	positions[2]: (1016, 'a')
	#1 RESULT OF CONDITIONAL: 1 + 2 < 3 || 1 - 2 > 0: False
	NOT BREAKING B/C ALLWORDS != FOUNDWORDS
	positions[0]: (126, 'network')
	#1 RESULT OF CONDITIONAL: 2 + 0 < 3 || 2 - 0 > 0: True
	EXCEEDED: 0
	#3 RESULT OF CONDITIONAL: 2 - 0 >= 0: True
	BEHIND_IDX: 1016, BEHIND_WORD: a (DIST: 0)
	NOT BREAKING B/C ALLWORDS != FOUNDWORDS && EXCEEDED != 2
	positions[1]: (974, 'in')
	#1 RESULT OF CONDITIONAL: 2 + 1 < 3 || 2 - 1 > 0: True
	EXCEEDED: 0
	#3 RESULT OF CONDITIONAL: 2 - 1 >= 0: True
	BEHIND_IDX: 974, BEHIND_WORD: in (DIST: 42)
	#2 ADDED WORD TO FOUNDWORDS: {'in', 'a'}
	NOT BREAKING B/C ALLWORDS != FOUNDWORDS && EXCEEDED != 2
	positions[2]: (1016, 'a')
	#1 RESULT OF CONDITIONAL: 2 + 2 < 3 || 2 - 2 > 0: False
[NOTE] # OF ITERATIONS: 4
	NOT BREAKING B/C ALLWORDS != FOUNDWORDS
	positions[0]: (2194, 'network')
	#1 RESULT OF CONDITIONAL: 0 + 0 < 3 || 0 - 0 > 0: True
	EXCEEDED: 0
	#2 RESULT OF CONDITIONAL: 0 + 0 < 2: True
	AHEAD_IDX: 2194, AHEAD_WORD: network (DIST: 0)
	#3 RESULT OF CONDITIONAL: 0 - 0 >= 0: True
	BEHIND_IDX: 2194, BEHIND_WORD: network (DIST: 0)
	NOT BREAKING B/C ALLWORDS != FOUNDWORDS && EXCEEDED != 2
	positions[1]: (3564, 'in')
	#1 RESULT OF CONDITIONAL: 0 + 1 < 3 || 0 - 1 > 0: True
	EXCEEDED: 0
	#2 RESULT OF CONDITIONAL: 0 + 1 < 2: True
	AHEAD_IDX: 3564, AHEAD_WORD: in (DIST: 1370)
	#1 INCREMENTED EXCEEDED: 1
	#3 RESULT OF CONDITIONAL: 0 - 1 >= 0: False
	NOT ENTERING SEARCH J BEHIND B/C: 0 - 1 >= 0: False
	NOT BREAKING B/C ALLWORDS != FOUNDWORDS && EXCEEDED != 2
	positions[2]: (3580, 'a')
	#1 RESULT OF CONDITIONAL: 0 + 2 < 3 || 0 - 2 > 0: True
	EXCEEDED: 0
	#3 RESULT OF CONDITIONAL: 0 - 2 >= 0: False
	NOT ENTERING SEARCH J BEHIND B/C: 0 - 2 >= 0: False
	NOT BREAKING B/C ALLWORDS != FOUNDWORDS && EXCEEDED != 2
	NOT BREAKING B/C ALLWORDS != FOUNDWORDS
	positions[0]: (2194, 'network')
	#1 RESULT OF CONDITIONAL: 1 + 0 < 3 || 1 - 0 > 0: True
	EXCEEDED: 0
	#2 RESULT OF CONDITIONAL: 1 + 0 < 2: True
	AHEAD_IDX: 3564, AHEAD_WORD: in (DIST: 0)
	#3 RESULT OF CONDITIONAL: 1 - 0 >= 0: True
	BEHIND_IDX: 3564, BEHIND_WORD: in (DIST: 0)
	NOT BREAKING B/C ALLWORDS != FOUNDWORDS && EXCEEDED != 2
	positions[1]: (3564, 'in')
	#1 RESULT OF CONDITIONAL: 1 + 1 < 3 || 1 - 1 > 0: True
	EXCEEDED: 0
	#3 RESULT OF CONDITIONAL: 1 - 1 >= 0: True
	BEHIND_IDX: 2194, BEHIND_WORD: network (DIST: 1370)
	#2 INCREMENTED EXCEEDED: 1
	NOT BREAKING B/C ALLWORDS != FOUNDWORDS && EXCEEDED != 2
	positions[2]: (3580, 'a')
	#1 RESULT OF CONDITIONAL: 1 + 2 < 3 || 1 - 2 > 0: False
	NOT BREAKING B/C ALLWORDS != FOUNDWORDS
	positions[0]: (2194, 'network')
	#1 RESULT OF CONDITIONAL: 2 + 0 < 3 || 2 - 0 > 0: True
	EXCEEDED: 0
	#3 RESULT OF CONDITIONAL: 2 - 0 >= 0: True
	BEHIND_IDX: 3580, BEHIND_WORD: a (DIST: 0)
	NOT BREAKING B/C ALLWORDS != FOUNDWORDS && EXCEEDED != 2
	positions[1]: (3564, 'in')
	#1 RESULT OF CONDITIONAL: 2 + 1 < 3 || 2 - 1 > 0: True
	EXCEEDED: 0
	#3 RESULT OF CONDITIONAL: 2 - 1 >= 0: True
	BEHIND_IDX: 3564, BEHIND_WORD: in (DIST: 16)
	#2 ADDED WORD TO FOUNDWORDS: {'in', 'a'}
	NOT BREAKING B/C ALLWORDS != FOUNDWORDS && EXCEEDED != 2
	positions[2]: (3580, 'a')
	#1 RESULT OF CONDITIONAL: 2 + 2 < 3 || 2 - 2 > 0: False
[NOTE] # OF ITERATIONS: 5
	NOT BREAKING B/C ALLWORDS != FOUNDWORDS
	positions[0]: (1402, 'network')
	#1 RESULT OF CONDITIONAL: 0 + 0 < 3 || 0 - 0 > 0: True
	EXCEEDED: 0
	#2 RESULT OF CONDITIONAL: 0 + 0 < 2: True
	AHEAD_IDX: 1402, AHEAD_WORD: network (DIST: 0)
	#3 RESULT OF CONDITIONAL: 0 - 0 >= 0: True
	BEHIND_IDX: 1402, BEHIND_WORD: network (DIST: 0)
	NOT BREAKING B/C ALLWORDS != FOUNDWORDS && EXCEEDED != 2
	positions[1]: (2966, 'in')
	#1 RESULT OF CONDITIONAL: 0 + 1 < 3 || 0 - 1 > 0: True
	EXCEEDED: 0
	#2 RESULT OF CONDITIONAL: 0 + 1 < 2: True
	AHEAD_IDX: 2966, AHEAD_WORD: in (DIST: 1564)
	#1 INCREMENTED EXCEEDED: 1
	#3 RESULT OF CONDITIONAL: 0 - 1 >= 0: False
	NOT ENTERING SEARCH J BEHIND B/C: 0 - 1 >= 0: False
	NOT BREAKING B/C ALLWORDS != FOUNDWORDS && EXCEEDED != 2
	positions[2]: (2970, 'a')
	#1 RESULT OF CONDITIONAL: 0 + 2 < 3 || 0 - 2 > 0: True
	EXCEEDED: 0
	#3 RESULT OF CONDITIONAL: 0 - 2 >= 0: False
	NOT ENTERING SEARCH J BEHIND B/C: 0 - 2 >= 0: False
	NOT BREAKING B/C ALLWORDS != FOUNDWORDS && EXCEEDED != 2
	NOT BREAKING B/C ALLWORDS != FOUNDWORDS
	positions[0]: (1402, 'network')
	#1 RESULT OF CONDITIONAL: 1 + 0 < 3 || 1 - 0 > 0: True
	EXCEEDED: 0
	#2 RESULT OF CONDITIONAL: 1 + 0 < 2: True
	AHEAD_IDX: 2966, AHEAD_WORD: in (DIST: 0)
	#3 RESULT OF CONDITIONAL: 1 - 0 >= 0: True
	BEHIND_IDX: 2966, BEHIND_WORD: in (DIST: 0)
	NOT BREAKING B/C ALLWORDS != FOUNDWORDS && EXCEEDED != 2
	positions[1]: (2966, 'in')
	#1 RESULT OF CONDITIONAL: 1 + 1 < 3 || 1 - 1 > 0: True
	EXCEEDED: 0
	#3 RESULT OF CONDITIONAL: 1 - 1 >= 0: True
	BEHIND_IDX: 1402, BEHIND_WORD: network (DIST: 1564)
	#2 INCREMENTED EXCEEDED: 1
	NOT BREAKING B/C ALLWORDS != FOUNDWORDS && EXCEEDED != 2
	positions[2]: (2970, 'a')
	#1 RESULT OF CONDITIONAL: 1 + 2 < 3 || 1 - 2 > 0: False
	NOT BREAKING B/C ALLWORDS != FOUNDWORDS
	positions[0]: (1402, 'network')
	#1 RESULT OF CONDITIONAL: 2 + 0 < 3 || 2 - 0 > 0: True
	EXCEEDED: 0
	#3 RESULT OF CONDITIONAL: 2 - 0 >= 0: True
	BEHIND_IDX: 2970, BEHIND_WORD: a (DIST: 0)
	NOT BREAKING B/C ALLWORDS != FOUNDWORDS && EXCEEDED != 2
	positions[1]: (2966, 'in')
	#1 RESULT OF CONDITIONAL: 2 + 1 < 3 || 2 - 1 > 0: True
	EXCEEDED: 0
	#3 RESULT OF CONDITIONAL: 2 - 1 >= 0: True
	BEHIND_IDX: 2966, BEHIND_WORD: in (DIST: 4)
	#2 ADDED WORD TO FOUNDWORDS: {'in', 'a'}
	NOT BREAKING B/C ALLWORDS != FOUNDWORDS && EXCEEDED != 2
	positions[2]: (2970, 'a')
	#1 RESULT OF CONDITIONAL: 2 + 2 < 3 || 2 - 2 > 0: False
[NOTE] # OF ITERATIONS: 6
	NOT BREAKING B/C ALLWORDS != FOUNDWORDS
	positions[0]: (1018, 'network')
	#1 RESULT OF CONDITIONAL: 0 + 0 < 3 || 0 - 0 > 0: True
	EXCEEDED: 0
	#2 RESULT OF CONDITIONAL: 0 + 0 < 2: True
	AHEAD_IDX: 1018, AHEAD_WORD: network (DIST: 0)
	#3 RESULT OF CONDITIONAL: 0 - 0 >= 0: True
	BEHIND_IDX: 1018, BEHIND_WORD: network (DIST: 0)
	NOT BREAKING B/C ALLWORDS != FOUNDWORDS && EXCEEDED != 2
	positions[1]: (1851, 'in')
	#1 RESULT OF CONDITIONAL: 0 + 1 < 3 || 0 - 1 > 0: True
	EXCEEDED: 0
	#2 RESULT OF CONDITIONAL: 0 + 1 < 2: True
	AHEAD_IDX: 1851, AHEAD_WORD: in (DIST: 833)
	#1 INCREMENTED EXCEEDED: 1
	#3 RESULT OF CONDITIONAL: 0 - 1 >= 0: False
	NOT ENTERING SEARCH J BEHIND B/C: 0 - 1 >= 0: False
	NOT BREAKING B/C ALLWORDS != FOUNDWORDS && EXCEEDED != 2
	positions[2]: (1855, 'a')
	#1 RESULT OF CONDITIONAL: 0 + 2 < 3 || 0 - 2 > 0: True
	EXCEEDED: 0
	#3 RESULT OF CONDITIONAL: 0 - 2 >= 0: False
	NOT ENTERING SEARCH J BEHIND B/C: 0 - 2 >= 0: False
	NOT BREAKING B/C ALLWORDS != FOUNDWORDS && EXCEEDED != 2
	NOT BREAKING B/C ALLWORDS != FOUNDWORDS
	positions[0]: (1018, 'network')
	#1 RESULT OF CONDITIONAL: 1 + 0 < 3 || 1 - 0 > 0: True
	EXCEEDED: 0
	#2 RESULT OF CONDITIONAL: 1 + 0 < 2: True
	AHEAD_IDX: 1851, AHEAD_WORD: in (DIST: 0)
	#3 RESULT OF CONDITIONAL: 1 - 0 >= 0: True
	BEHIND_IDX: 1851, BEHIND_WORD: in (DIST: 0)
	NOT BREAKING B/C ALLWORDS != FOUNDWORDS && EXCEEDED != 2
	positions[1]: (1851, 'in')
	#1 RESULT OF CONDITIONAL: 1 + 1 < 3 || 1 - 1 > 0: True
	EXCEEDED: 0
	#3 RESULT OF CONDITIONAL: 1 - 1 >= 0: True
	BEHIND_IDX: 1018, BEHIND_WORD: network (DIST: 833)
	#2 INCREMENTED EXCEEDED: 1
	NOT BREAKING B/C ALLWORDS != FOUNDWORDS && EXCEEDED != 2
	positions[2]: (1855, 'a')
	#1 RESULT OF CONDITIONAL: 1 + 2 < 3 || 1 - 2 > 0: False
	NOT BREAKING B/C ALLWORDS != FOUNDWORDS
	positions[0]: (1018, 'network')
	#1 RESULT OF CONDITIONAL: 2 + 0 < 3 || 2 - 0 > 0: True
	EXCEEDED: 0
	#3 RESULT OF CONDITIONAL: 2 - 0 >= 0: True
	BEHIND_IDX: 1855, BEHIND_WORD: a (DIST: 0)
	NOT BREAKING B/C ALLWORDS != FOUNDWORDS && EXCEEDED != 2
	positions[1]: (1851, 'in')
	#1 RESULT OF CONDITIONAL: 2 + 1 < 3 || 2 - 1 > 0: True
	EXCEEDED: 0
	#3 RESULT OF CONDITIONAL: 2 - 1 >= 0: True
	BEHIND_IDX: 1851, BEHIND_WORD: in (DIST: 4)
	#2 ADDED WORD TO FOUNDWORDS: {'in', 'a'}
	NOT BREAKING B/C ALLWORDS != FOUNDWORDS && EXCEEDED != 2
	positions[2]: (1855, 'a')
	#1 RESULT OF CONDITIONAL: 2 + 2 < 3 || 2 - 2 > 0: False
[NOTE] # OF ITERATIONS: 7
	NOT BREAKING B/C ALLWORDS != FOUNDWORDS
	positions[0]: (1942, 'network')
	#1 RESULT OF CONDITIONAL: 0 + 0 < 3 || 0 - 0 > 0: True
	EXCEEDED: 0
	#2 RESULT OF CONDITIONAL: 0 + 0 < 2: True
	AHEAD_IDX: 1942, AHEAD_WORD: network (DIST: 0)
	#3 RESULT OF CONDITIONAL: 0 - 0 >= 0: True
	BEHIND_IDX: 1942, BEHIND_WORD: network (DIST: 0)
	NOT BREAKING B/C ALLWORDS != FOUNDWORDS && EXCEEDED != 2
	positions[1]: (4265, 'in')
	#1 RESULT OF CONDITIONAL: 0 + 1 < 3 || 0 - 1 > 0: True
	EXCEEDED: 0
	#2 RESULT OF CONDITIONAL: 0 + 1 < 2: True
	AHEAD_IDX: 4265, AHEAD_WORD: in (DIST: 2323)
	#1 INCREMENTED EXCEEDED: 1
	#3 RESULT OF CONDITIONAL: 0 - 1 >= 0: False
	NOT ENTERING SEARCH J BEHIND B/C: 0 - 1 >= 0: False
	NOT BREAKING B/C ALLWORDS != FOUNDWORDS && EXCEEDED != 2
	positions[2]: (4327, 'a')
	#1 RESULT OF CONDITIONAL: 0 + 2 < 3 || 0 - 2 > 0: True
	EXCEEDED: 0
	#3 RESULT OF CONDITIONAL: 0 - 2 >= 0: False
	NOT ENTERING SEARCH J BEHIND B/C: 0 - 2 >= 0: False
	NOT BREAKING B/C ALLWORDS != FOUNDWORDS && EXCEEDED != 2
	NOT BREAKING B/C ALLWORDS != FOUNDWORDS
	positions[0]: (1942, 'network')
	#1 RESULT OF CONDITIONAL: 1 + 0 < 3 || 1 - 0 > 0: True
	EXCEEDED: 0
	#2 RESULT OF CONDITIONAL: 1 + 0 < 2: True
	AHEAD_IDX: 4265, AHEAD_WORD: in (DIST: 0)
	#3 RESULT OF CONDITIONAL: 1 - 0 >= 0: True
	BEHIND_IDX: 4265, BEHIND_WORD: in (DIST: 0)
	NOT BREAKING B/C ALLWORDS != FOUNDWORDS && EXCEEDED != 2
	positions[1]: (4265, 'in')
	#1 RESULT OF CONDITIONAL: 1 + 1 < 3 || 1 - 1 > 0: True
	EXCEEDED: 0
	#3 RESULT OF CONDITIONAL: 1 - 1 >= 0: True
	BEHIND_IDX: 1942, BEHIND_WORD: network (DIST: 2323)
	#2 INCREMENTED EXCEEDED: 1
	NOT BREAKING B/C ALLWORDS != FOUNDWORDS && EXCEEDED != 2
	positions[2]: (4327, 'a')
	#1 RESULT OF CONDITIONAL: 1 + 2 < 3 || 1 - 2 > 0: False
	NOT BREAKING B/C ALLWORDS != FOUNDWORDS
	positions[0]: (1942, 'network')
	#1 RESULT OF CONDITIONAL: 2 + 0 < 3 || 2 - 0 > 0: True
	EXCEEDED: 0
	#3 RESULT OF CONDITIONAL: 2 - 0 >= 0: True
	BEHIND_IDX: 4327, BEHIND_WORD: a (DIST: 0)
	NOT BREAKING B/C ALLWORDS != FOUNDWORDS && EXCEEDED != 2
	positions[1]: (4265, 'in')
	#1 RESULT OF CONDITIONAL: 2 + 1 < 3 || 2 - 1 > 0: True
	EXCEEDED: 0
	#3 RESULT OF CONDITIONAL: 2 - 1 >= 0: True
	BEHIND_IDX: 4265, BEHIND_WORD: in (DIST: 62)
	#2 ADDED WORD TO FOUNDWORDS: {'in', 'a'}
	NOT BREAKING B/C ALLWORDS != FOUNDWORDS && EXCEEDED != 2
	positions[2]: (4327, 'a')
	#1 RESULT OF CONDITIONAL: 2 + 2 < 3 || 2 - 2 > 0: False
[NOTE] # OF ITERATIONS: 8
	NOT BREAKING B/C ALLWORDS != FOUNDWORDS
	positions[0]: (9027, 'network')
	#1 RESULT OF CONDITIONAL: 0 + 0 < 3 || 0 - 0 > 0: True
	EXCEEDED: 0
	#2 RESULT OF CONDITIONAL: 0 + 0 < 2: True
	AHEAD_IDX: 9027, AHEAD_WORD: network (DIST: 0)
	#3 RESULT OF CONDITIONAL: 0 - 0 >= 0: True
	BEHIND_IDX: 9027, BEHIND_WORD: network (DIST: 0)
	NOT BREAKING B/C ALLWORDS != FOUNDWORDS && EXCEEDED != 2
	positions[1]: (9571, 'in')
	#1 RESULT OF CONDITIONAL: 0 + 1 < 3 || 0 - 1 > 0: True
	EXCEEDED: 0
	#2 RESULT OF CONDITIONAL: 0 + 1 < 2: True
	AHEAD_IDX: 9571, AHEAD_WORD: in (DIST: 544)
	#1 INCREMENTED EXCEEDED: 1
	#3 RESULT OF CONDITIONAL: 0 - 1 >= 0: False
	NOT ENTERING SEARCH J BEHIND B/C: 0 - 1 >= 0: False
	NOT BREAKING B/C ALLWORDS != FOUNDWORDS && EXCEEDED != 2
	positions[2]: (9587, 'a')
	#1 RESULT OF CONDITIONAL: 0 + 2 < 3 || 0 - 2 > 0: True
	EXCEEDED: 0
	#3 RESULT OF CONDITIONAL: 0 - 2 >= 0: False
	NOT ENTERING SEARCH J BEHIND B/C: 0 - 2 >= 0: False
	NOT BREAKING B/C ALLWORDS != FOUNDWORDS && EXCEEDED != 2
	NOT BREAKING B/C ALLWORDS != FOUNDWORDS
	positions[0]: (9027, 'network')
	#1 RESULT OF CONDITIONAL: 1 + 0 < 3 || 1 - 0 > 0: True
	EXCEEDED: 0
	#2 RESULT OF CONDITIONAL: 1 + 0 < 2: True
	AHEAD_IDX: 9571, AHEAD_WORD: in (DIST: 0)
	#3 RESULT OF CONDITIONAL: 1 - 0 >= 0: True
	BEHIND_IDX: 9571, BEHIND_WORD: in (DIST: 0)
	NOT BREAKING B/C ALLWORDS != FOUNDWORDS && EXCEEDED != 2
	positions[1]: (9571, 'in')
	#1 RESULT OF CONDITIONAL: 1 + 1 < 3 || 1 - 1 > 0: True
	EXCEEDED: 0
	#3 RESULT OF CONDITIONAL: 1 - 1 >= 0: True
	BEHIND_IDX: 9027, BEHIND_WORD: network (DIST: 544)
	#2 INCREMENTED EXCEEDED: 1
	NOT BREAKING B/C ALLWORDS != FOUNDWORDS && EXCEEDED != 2
	positions[2]: (9587, 'a')
	#1 RESULT OF CONDITIONAL: 1 + 2 < 3 || 1 - 2 > 0: False
	NOT BREAKING B/C ALLWORDS != FOUNDWORDS
	positions[0]: (9027, 'network')
	#1 RESULT OF CONDITIONAL: 2 + 0 < 3 || 2 - 0 > 0: True
	EXCEEDED: 0
	#3 RESULT OF CONDITIONAL: 2 - 0 >= 0: True
	BEHIND_IDX: 9587, BEHIND_WORD: a (DIST: 0)
	NOT BREAKING B/C ALLWORDS != FOUNDWORDS && EXCEEDED != 2
	positions[1]: (9571, 'in')
	#1 RESULT OF CONDITIONAL: 2 + 1 < 3 || 2 - 1 > 0: True
	EXCEEDED: 0
	#3 RESULT OF CONDITIONAL: 2 - 1 >= 0: True
	BEHIND_IDX: 9571, BEHIND_WORD: in (DIST: 16)
	#2 ADDED WORD TO FOUNDWORDS: {'in', 'a'}
	NOT BREAKING B/C ALLWORDS != FOUNDWORDS && EXCEEDED != 2
	positions[2]: (9587, 'a')
	#1 RESULT OF CONDITIONAL: 2 + 2 < 3 || 2 - 2 > 0: False
[NOTE] # OF ITERATIONS: 9
	NOT BREAKING B/C ALLWORDS != FOUNDWORDS
	positions[0]: (1055, 'in')
	#1 RESULT OF CONDITIONAL: 0 + 0 < 3 || 0 - 0 > 0: True
	EXCEEDED: 0
	#2 RESULT OF CONDITIONAL: 0 + 0 < 2: True
	AHEAD_IDX: 1055, AHEAD_WORD: in (DIST: 0)
	#3 RESULT OF CONDITIONAL: 0 - 0 >= 0: True
	BEHIND_IDX: 1055, BEHIND_WORD: in (DIST: 0)
	NOT BREAKING B/C ALLWORDS != FOUNDWORDS && EXCEEDED != 2
	positions[1]: (1075, 'network')
	#1 RESULT OF CONDITIONAL: 0 + 1 < 3 || 0 - 1 > 0: True
	EXCEEDED: 0
	#2 RESULT OF CONDITIONAL: 0 + 1 < 2: True
	AHEAD_IDX: 1075, AHEAD_WORD: network (DIST: 20)
	#1 ADDED WORD TO FOUNDWORDS: {'network', 'in'}
	#3 RESULT OF CONDITIONAL: 0 - 1 >= 0: False
	NOT ENTERING SEARCH J BEHIND B/C: 0 - 1 >= 0: False
	NOT BREAKING B/C ALLWORDS != FOUNDWORDS && EXCEEDED != 2
	positions[2]: (1142, 'a')
	#1 RESULT OF CONDITIONAL: 0 + 2 < 3 || 0 - 2 > 0: True
	EXCEEDED: 0
	#3 RESULT OF CONDITIONAL: 0 - 2 >= 0: False
	NOT ENTERING SEARCH J BEHIND B/C: 0 - 2 >= 0: False
	NOT BREAKING B/C ALLWORDS != FOUNDWORDS && EXCEEDED != 2
	NOT BREAKING B/C ALLWORDS != FOUNDWORDS
	positions[0]: (1055, 'in')
	#1 RESULT OF CONDITIONAL: 1 + 0 < 3 || 1 - 0 > 0: True
	EXCEEDED: 0
	#2 RESULT OF CONDITIONAL: 1 + 0 < 2: True
	AHEAD_IDX: 1075, AHEAD_WORD: network (DIST: 0)
	#3 RESULT OF CONDITIONAL: 1 - 0 >= 0: True
	BEHIND_IDX: 1075, BEHIND_WORD: network (DIST: 0)
	NOT BREAKING B/C ALLWORDS != FOUNDWORDS && EXCEEDED != 2
	positions[1]: (1075, 'network')
	#1 RESULT OF CONDITIONAL: 1 + 1 < 3 || 1 - 1 > 0: True
	EXCEEDED: 0
	#3 RESULT OF CONDITIONAL: 1 - 1 >= 0: True
	BEHIND_IDX: 1055, BEHIND_WORD: in (DIST: 20)
	#2 ADDED WORD TO FOUNDWORDS: {'network', 'in'}
	NOT BREAKING B/C ALLWORDS != FOUNDWORDS && EXCEEDED != 2
	positions[2]: (1142, 'a')
	#1 RESULT OF CONDITIONAL: 1 + 2 < 3 || 1 - 2 > 0: False
	NOT BREAKING B/C ALLWORDS != FOUNDWORDS
	positions[0]: (1055, 'in')
	#1 RESULT OF CONDITIONAL: 2 + 0 < 3 || 2 - 0 > 0: True
	EXCEEDED: 0
	#3 RESULT OF CONDITIONAL: 2 - 0 >= 0: True
	BEHIND_IDX: 1142, BEHIND_WORD: a (DIST: 0)
	NOT BREAKING B/C ALLWORDS != FOUNDWORDS && EXCEEDED != 2
	positions[1]: (1075, 'network')
	#1 RESULT OF CONDITIONAL: 2 + 1 < 3 || 2 - 1 > 0: True
	EXCEEDED: 0
	#3 RESULT OF CONDITIONAL: 2 - 1 >= 0: True
	BEHIND_IDX: 1075, BEHIND_WORD: network (DIST: 67)
	#2 ADDED WORD TO FOUNDWORDS: {'network', 'a'}
	NOT BREAKING B/C ALLWORDS != FOUNDWORDS && EXCEEDED != 2
	positions[2]: (1142, 'a')
	#1 RESULT OF CONDITIONAL: 2 + 2 < 3 || 2 - 2 > 0: False
[NOTE] # OF ITERATIONS: 10
	NOT BREAKING B/C ALLWORDS != FOUNDWORDS
	positions[0]: (12268, 'network')
	#1 RESULT OF CONDITIONAL: 0 + 0 < 3 || 0 - 0 > 0: True
	EXCEEDED: 0
	#2 RESULT OF CONDITIONAL: 0 + 0 < 2: True
	AHEAD_IDX: 12268, AHEAD_WORD: network (DIST: 0)
	#3 RESULT OF CONDITIONAL: 0 - 0 >= 0: True
	BEHIND_IDX: 12268, BEHIND_WORD: network (DIST: 0)
	NOT BREAKING B/C ALLWORDS != FOUNDWORDS && EXCEEDED != 2
	positions[1]: (15075, 'in')
	#1 RESULT OF CONDITIONAL: 0 + 1 < 3 || 0 - 1 > 0: True
	EXCEEDED: 0
	#2 RESULT OF CONDITIONAL: 0 + 1 < 2: True
	AHEAD_IDX: 15075, AHEAD_WORD: in (DIST: 2807)
	#1 INCREMENTED EXCEEDED: 1
	#3 RESULT OF CONDITIONAL: 0 - 1 >= 0: False
	NOT ENTERING SEARCH J BEHIND B/C: 0 - 1 >= 0: False
	NOT BREAKING B/C ALLWORDS != FOUNDWORDS && EXCEEDED != 2
	positions[2]: (15091, 'a')
	#1 RESULT OF CONDITIONAL: 0 + 2 < 3 || 0 - 2 > 0: True
	EXCEEDED: 0
	#3 RESULT OF CONDITIONAL: 0 - 2 >= 0: False
	NOT ENTERING SEARCH J BEHIND B/C: 0 - 2 >= 0: False
	NOT BREAKING B/C ALLWORDS != FOUNDWORDS && EXCEEDED != 2
	NOT BREAKING B/C ALLWORDS != FOUNDWORDS
	positions[0]: (12268, 'network')
	#1 RESULT OF CONDITIONAL: 1 + 0 < 3 || 1 - 0 > 0: True
	EXCEEDED: 0
	#2 RESULT OF CONDITIONAL: 1 + 0 < 2: True
	AHEAD_IDX: 15075, AHEAD_WORD: in (DIST: 0)
	#3 RESULT OF CONDITIONAL: 1 - 0 >= 0: True
	BEHIND_IDX: 15075, BEHIND_WORD: in (DIST: 0)
	NOT BREAKING B/C ALLWORDS != FOUNDWORDS && EXCEEDED != 2
	positions[1]: (15075, 'in')
	#1 RESULT OF CONDITIONAL: 1 + 1 < 3 || 1 - 1 > 0: True
	EXCEEDED: 0
	#3 RESULT OF CONDITIONAL: 1 - 1 >= 0: True
	BEHIND_IDX: 12268, BEHIND_WORD: network (DIST: 2807)
	#2 INCREMENTED EXCEEDED: 1
	NOT BREAKING B/C ALLWORDS != FOUNDWORDS && EXCEEDED != 2
	positions[2]: (15091, 'a')
	#1 RESULT OF CONDITIONAL: 1 + 2 < 3 || 1 - 2 > 0: False
	NOT BREAKING B/C ALLWORDS != FOUNDWORDS
	positions[0]: (12268, 'network')
	#1 RESULT OF CONDITIONAL: 2 + 0 < 3 || 2 - 0 > 0: True
	EXCEEDED: 0
	#3 RESULT OF CONDITIONAL: 2 - 0 >= 0: True
	BEHIND_IDX: 15091, BEHIND_WORD: a (DIST: 0)
	NOT BREAKING B/C ALLWORDS != FOUNDWORDS && EXCEEDED != 2
	positions[1]: (15075, 'in')
	#1 RESULT OF CONDITIONAL: 2 + 1 < 3 || 2 - 1 > 0: True
	EXCEEDED: 0
	#3 RESULT OF CONDITIONAL: 2 - 1 >= 0: True
	BEHIND_IDX: 15075, BEHIND_WORD: in (DIST: 16)
	#2 ADDED WORD TO FOUNDWORDS: {'in', 'a'}
	NOT BREAKING B/C ALLWORDS != FOUNDWORDS && EXCEEDED != 2
	positions[2]: (15091, 'a')
	#1 RESULT OF CONDITIONAL: 2 + 2 < 3 || 2 - 2 > 0: False
[NOTE] # OF ITERATIONS: 11
	NOT BREAKING B/C ALLWORDS != FOUNDWORDS
	positions[0]: (23913, 'network')
	#1 RESULT OF CONDITIONAL: 0 + 0 < 3 || 0 - 0 > 0: True
	EXCEEDED: 0
	#2 RESULT OF CONDITIONAL: 0 + 0 < 2: True
	AHEAD_IDX: 23913, AHEAD_WORD: network (DIST: 0)
	#3 RESULT OF CONDITIONAL: 0 - 0 >= 0: True
	BEHIND_IDX: 23913, BEHIND_WORD: network (DIST: 0)
	NOT BREAKING B/C ALLWORDS != FOUNDWORDS && EXCEEDED != 2
	positions[1]: (32079, 'in')
	#1 RESULT OF CONDITIONAL: 0 + 1 < 3 || 0 - 1 > 0: True
	EXCEEDED: 0
	#2 RESULT OF CONDITIONAL: 0 + 1 < 2: True
	AHEAD_IDX: 32079, AHEAD_WORD: in (DIST: 8166)
	#1 INCREMENTED EXCEEDED: 1
	#3 RESULT OF CONDITIONAL: 0 - 1 >= 0: False
	NOT ENTERING SEARCH J BEHIND B/C: 0 - 1 >= 0: False
	NOT BREAKING B/C ALLWORDS != FOUNDWORDS && EXCEEDED != 2
	positions[2]: (32095, 'a')
	#1 RESULT OF CONDITIONAL: 0 + 2 < 3 || 0 - 2 > 0: True
	EXCEEDED: 0
	#3 RESULT OF CONDITIONAL: 0 - 2 >= 0: False
	NOT ENTERING SEARCH J BEHIND B/C: 0 - 2 >= 0: False
	NOT BREAKING B/C ALLWORDS != FOUNDWORDS && EXCEEDED != 2
	NOT BREAKING B/C ALLWORDS != FOUNDWORDS
	positions[0]: (23913, 'network')
	#1 RESULT OF CONDITIONAL: 1 + 0 < 3 || 1 - 0 > 0: True
	EXCEEDED: 0
	#2 RESULT OF CONDITIONAL: 1 + 0 < 2: True
	AHEAD_IDX: 32079, AHEAD_WORD: in (DIST: 0)
	#3 RESULT OF CONDITIONAL: 1 - 0 >= 0: True
	BEHIND_IDX: 32079, BEHIND_WORD: in (DIST: 0)
	NOT BREAKING B/C ALLWORDS != FOUNDWORDS && EXCEEDED != 2
	positions[1]: (32079, 'in')
	#1 RESULT OF CONDITIONAL: 1 + 1 < 3 || 1 - 1 > 0: True
	EXCEEDED: 0
	#3 RESULT OF CONDITIONAL: 1 - 1 >= 0: True
	BEHIND_IDX: 23913, BEHIND_WORD: network (DIST: 8166)
	#2 INCREMENTED EXCEEDED: 1
	NOT BREAKING B/C ALLWORDS != FOUNDWORDS && EXCEEDED != 2
	positions[2]: (32095, 'a')
	#1 RESULT OF CONDITIONAL: 1 + 2 < 3 || 1 - 2 > 0: False
	NOT BREAKING B/C ALLWORDS != FOUNDWORDS
	positions[0]: (23913, 'network')
	#1 RESULT OF CONDITIONAL: 2 + 0 < 3 || 2 - 0 > 0: True
	EXCEEDED: 0
	#3 RESULT OF CONDITIONAL: 2 - 0 >= 0: True
	BEHIND_IDX: 32095, BEHIND_WORD: a (DIST: 0)
	NOT BREAKING B/C ALLWORDS != FOUNDWORDS && EXCEEDED != 2
	positions[1]: (32079, 'in')
	#1 RESULT OF CONDITIONAL: 2 + 1 < 3 || 2 - 1 > 0: True
	EXCEEDED: 0
	#3 RESULT OF CONDITIONAL: 2 - 1 >= 0: True
	BEHIND_IDX: 32079, BEHIND_WORD: in (DIST: 16)
	#2 ADDED WORD TO FOUNDWORDS: {'in', 'a'}
	NOT BREAKING B/C ALLWORDS != FOUNDWORDS && EXCEEDED != 2
	positions[2]: (32095, 'a')
	#1 RESULT OF CONDITIONAL: 2 + 2 < 3 || 2 - 2 > 0: False
[NOTE] # OF ITERATIONS: 12
	NOT BREAKING B/C ALLWORDS != FOUNDWORDS
	positions[0]: (17217, 'network')
	#1 RESULT OF CONDITIONAL: 0 + 0 < 3 || 0 - 0 > 0: True
	EXCEEDED: 0
	#2 RESULT OF CONDITIONAL: 0 + 0 < 2: True
	AHEAD_IDX: 17217, AHEAD_WORD: network (DIST: 0)
	#3 RESULT OF CONDITIONAL: 0 - 0 >= 0: True
	BEHIND_IDX: 17217, BEHIND_WORD: network (DIST: 0)
	NOT BREAKING B/C ALLWORDS != FOUNDWORDS && EXCEEDED != 2
	positions[1]: (17494, 'in')
	#1 RESULT OF CONDITIONAL: 0 + 1 < 3 || 0 - 1 > 0: True
	EXCEEDED: 0
	#2 RESULT OF CONDITIONAL: 0 + 1 < 2: True
	AHEAD_IDX: 17494, AHEAD_WORD: in (DIST: 277)
	#1 INCREMENTED EXCEEDED: 1
	#3 RESULT OF CONDITIONAL: 0 - 1 >= 0: False
	NOT ENTERING SEARCH J BEHIND B/C: 0 - 1 >= 0: False
	NOT BREAKING B/C ALLWORDS != FOUNDWORDS && EXCEEDED != 2
	positions[2]: (17496, 'a')
	#1 RESULT OF CONDITIONAL: 0 + 2 < 3 || 0 - 2 > 0: True
	EXCEEDED: 0
	#3 RESULT OF CONDITIONAL: 0 - 2 >= 0: False
	NOT ENTERING SEARCH J BEHIND B/C: 0 - 2 >= 0: False
	NOT BREAKING B/C ALLWORDS != FOUNDWORDS && EXCEEDED != 2
	NOT BREAKING B/C ALLWORDS != FOUNDWORDS
	positions[0]: (17217, 'network')
	#1 RESULT OF CONDITIONAL: 1 + 0 < 3 || 1 - 0 > 0: True
	EXCEEDED: 0
	#2 RESULT OF CONDITIONAL: 1 + 0 < 2: True
	AHEAD_IDX: 17494, AHEAD_WORD: in (DIST: 0)
	#3 RESULT OF CONDITIONAL: 1 - 0 >= 0: True
	BEHIND_IDX: 17494, BEHIND_WORD: in (DIST: 0)
	NOT BREAKING B/C ALLWORDS != FOUNDWORDS && EXCEEDED != 2
	positions[1]: (17494, 'in')
	#1 RESULT OF CONDITIONAL: 1 + 1 < 3 || 1 - 1 > 0: True
	EXCEEDED: 0
	#3 RESULT OF CONDITIONAL: 1 - 1 >= 0: True
	BEHIND_IDX: 17217, BEHIND_WORD: network (DIST: 277)
	#2 INCREMENTED EXCEEDED: 1
	NOT BREAKING B/C ALLWORDS != FOUNDWORDS && EXCEEDED != 2
	positions[2]: (17496, 'a')
	#1 RESULT OF CONDITIONAL: 1 + 2 < 3 || 1 - 2 > 0: False
	NOT BREAKING B/C ALLWORDS != FOUNDWORDS
	positions[0]: (17217, 'network')
	#1 RESULT OF CONDITIONAL: 2 + 0 < 3 || 2 - 0 > 0: True
	EXCEEDED: 0
	#3 RESULT OF CONDITIONAL: 2 - 0 >= 0: True
	BEHIND_IDX: 17496, BEHIND_WORD: a (DIST: 0)
	NOT BREAKING B/C ALLWORDS != FOUNDWORDS && EXCEEDED != 2
	positions[1]: (17494, 'in')
	#1 RESULT OF CONDITIONAL: 2 + 1 < 3 || 2 - 1 > 0: True
	EXCEEDED: 0
	#3 RESULT OF CONDITIONAL: 2 - 1 >= 0: True
	BEHIND_IDX: 17494, BEHIND_WORD: in (DIST: 2)
	#2 ADDED WORD TO FOUNDWORDS: {'in', 'a'}
	NOT BREAKING B/C ALLWORDS != FOUNDWORDS && EXCEEDED != 2
	positions[2]: (17496, 'a')
	#1 RESULT OF CONDITIONAL: 2 + 2 < 3 || 2 - 2 > 0: False
[NOTE] # OF ITERATIONS: 13
	NOT BREAKING B/C ALLWORDS != FOUNDWORDS
	positions[0]: (29432, 'network')
	#1 RESULT OF CONDITIONAL: 0 + 0 < 3 || 0 - 0 > 0: True
	EXCEEDED: 0
	#2 RESULT OF CONDITIONAL: 0 + 0 < 2: True
	AHEAD_IDX: 29432, AHEAD_WORD: network (DIST: 0)
	#3 RESULT OF CONDITIONAL: 0 - 0 >= 0: True
	BEHIND_IDX: 29432, BEHIND_WORD: network (DIST: 0)
	NOT BREAKING B/C ALLWORDS != FOUNDWORDS && EXCEEDED != 2
	positions[1]: (30844, 'a')
	#1 RESULT OF CONDITIONAL: 0 + 1 < 3 || 0 - 1 > 0: True
	EXCEEDED: 0
	#2 RESULT OF CONDITIONAL: 0 + 1 < 2: True
	AHEAD_IDX: 30844, AHEAD_WORD: a (DIST: 1412)
	#1 INCREMENTED EXCEEDED: 1
	#3 RESULT OF CONDITIONAL: 0 - 1 >= 0: False
	NOT ENTERING SEARCH J BEHIND B/C: 0 - 1 >= 0: False
	NOT BREAKING B/C ALLWORDS != FOUNDWORDS && EXCEEDED != 2
	positions[2]: (30856, 'in')
	#1 RESULT OF CONDITIONAL: 0 + 2 < 3 || 0 - 2 > 0: True
	EXCEEDED: 0
	#3 RESULT OF CONDITIONAL: 0 - 2 >= 0: False
	NOT ENTERING SEARCH J BEHIND B/C: 0 - 2 >= 0: False
	NOT BREAKING B/C ALLWORDS != FOUNDWORDS && EXCEEDED != 2
	NOT BREAKING B/C ALLWORDS != FOUNDWORDS
	positions[0]: (29432, 'network')
	#1 RESULT OF CONDITIONAL: 1 + 0 < 3 || 1 - 0 > 0: True
	EXCEEDED: 0
	#2 RESULT OF CONDITIONAL: 1 + 0 < 2: True
	AHEAD_IDX: 30844, AHEAD_WORD: a (DIST: 0)
	#3 RESULT OF CONDITIONAL: 1 - 0 >= 0: True
	BEHIND_IDX: 30844, BEHIND_WORD: a (DIST: 0)
	NOT BREAKING B/C ALLWORDS != FOUNDWORDS && EXCEEDED != 2
	positions[1]: (30844, 'a')
	#1 RESULT OF CONDITIONAL: 1 + 1 < 3 || 1 - 1 > 0: True
	EXCEEDED: 0
	#3 RESULT OF CONDITIONAL: 1 - 1 >= 0: True
	BEHIND_IDX: 29432, BEHIND_WORD: network (DIST: 1412)
	#2 INCREMENTED EXCEEDED: 1
	NOT BREAKING B/C ALLWORDS != FOUNDWORDS && EXCEEDED != 2
	positions[2]: (30856, 'in')
	#1 RESULT OF CONDITIONAL: 1 + 2 < 3 || 1 - 2 > 0: False
	NOT BREAKING B/C ALLWORDS != FOUNDWORDS
	positions[0]: (29432, 'network')
	#1 RESULT OF CONDITIONAL: 2 + 0 < 3 || 2 - 0 > 0: True
	EXCEEDED: 0
	#3 RESULT OF CONDITIONAL: 2 - 0 >= 0: True
	BEHIND_IDX: 30856, BEHIND_WORD: in (DIST: 0)
	NOT BREAKING B/C ALLWORDS != FOUNDWORDS && EXCEEDED != 2
	positions[1]: (30844, 'a')
	#1 RESULT OF CONDITIONAL: 2 + 1 < 3 || 2 - 1 > 0: True
	EXCEEDED: 0
	#3 RESULT OF CONDITIONAL: 2 - 1 >= 0: True
	BEHIND_IDX: 30844, BEHIND_WORD: a (DIST: 12)
	#2 ADDED WORD TO FOUNDWORDS: {'a', 'in'}
	NOT BREAKING B/C ALLWORDS != FOUNDWORDS && EXCEEDED != 2
	positions[2]: (30856, 'in')
	#1 RESULT OF CONDITIONAL: 2 + 2 < 3 || 2 - 2 > 0: False
[NOTE] # OF ITERATIONS: 14
	NOT BREAKING B/C ALLWORDS != FOUNDWORDS
	positions[0]: (4442, 'network')
	#1 RESULT OF CONDITIONAL: 0 + 0 < 3 || 0 - 0 > 0: True
	EXCEEDED: 0
	#2 RESULT OF CONDITIONAL: 0 + 0 < 2: True
	AHEAD_IDX: 4442, AHEAD_WORD: network (DIST: 0)
	#3 RESULT OF CONDITIONAL: 0 - 0 >= 0: True
	BEHIND_IDX: 4442, BEHIND_WORD: network (DIST: 0)
	NOT BREAKING B/C ALLWORDS != FOUNDWORDS && EXCEEDED != 2
	positions[1]: (5030, 'in')
	#1 RESULT OF CONDITIONAL: 0 + 1 < 3 || 0 - 1 > 0: True
	EXCEEDED: 0
	#2 RESULT OF CONDITIONAL: 0 + 1 < 2: True
	AHEAD_IDX: 5030, AHEAD_WORD: in (DIST: 588)
	#1 INCREMENTED EXCEEDED: 1
	#3 RESULT OF CONDITIONAL: 0 - 1 >= 0: False
	NOT ENTERING SEARCH J BEHIND B/C: 0 - 1 >= 0: False
	NOT BREAKING B/C ALLWORDS != FOUNDWORDS && EXCEEDED != 2
	positions[2]: (5193, 'a')
	#1 RESULT OF CONDITIONAL: 0 + 2 < 3 || 0 - 2 > 0: True
	EXCEEDED: 0
	#3 RESULT OF CONDITIONAL: 0 - 2 >= 0: False
	NOT ENTERING SEARCH J BEHIND B/C: 0 - 2 >= 0: False
	NOT BREAKING B/C ALLWORDS != FOUNDWORDS && EXCEEDED != 2
	NOT BREAKING B/C ALLWORDS != FOUNDWORDS
	positions[0]: (4442, 'network')
	#1 RESULT OF CONDITIONAL: 1 + 0 < 3 || 1 - 0 > 0: True
	EXCEEDED: 0
	#2 RESULT OF CONDITIONAL: 1 + 0 < 2: True
	AHEAD_IDX: 5030, AHEAD_WORD: in (DIST: 0)
	#3 RESULT OF CONDITIONAL: 1 - 0 >= 0: True
	BEHIND_IDX: 5030, BEHIND_WORD: in (DIST: 0)
	NOT BREAKING B/C ALLWORDS != FOUNDWORDS && EXCEEDED != 2
	positions[1]: (5030, 'in')
	#1 RESULT OF CONDITIONAL: 1 + 1 < 3 || 1 - 1 > 0: True
	EXCEEDED: 0
	#3 RESULT OF CONDITIONAL: 1 - 1 >= 0: True
	BEHIND_IDX: 4442, BEHIND_WORD: network (DIST: 588)
	#2 INCREMENTED EXCEEDED: 1
	NOT BREAKING B/C ALLWORDS != FOUNDWORDS && EXCEEDED != 2
	positions[2]: (5193, 'a')
	#1 RESULT OF CONDITIONAL: 1 + 2 < 3 || 1 - 2 > 0: False
	NOT BREAKING B/C ALLWORDS != FOUNDWORDS
	positions[0]: (4442, 'network')
	#1 RESULT OF CONDITIONAL: 2 + 0 < 3 || 2 - 0 > 0: True
	EXCEEDED: 0
	#3 RESULT OF CONDITIONAL: 2 - 0 >= 0: True
	BEHIND_IDX: 5193, BEHIND_WORD: a (DIST: 0)
	NOT BREAKING B/C ALLWORDS != FOUNDWORDS && EXCEEDED != 2
	positions[1]: (5030, 'in')
	#1 RESULT OF CONDITIONAL: 2 + 1 < 3 || 2 - 1 > 0: True
	EXCEEDED: 0
	#3 RESULT OF CONDITIONAL: 2 - 1 >= 0: True
	BEHIND_IDX: 5030, BEHIND_WORD: in (DIST: 163)
	#2 ADDED WORD TO FOUNDWORDS: {'in', 'a'}
	NOT BREAKING B/C ALLWORDS != FOUNDWORDS && EXCEEDED != 2
	positions[2]: (5193, 'a')
	#1 RESULT OF CONDITIONAL: 2 + 2 < 3 || 2 - 2 > 0: False
[NOTE] # OF ITERATIONS: 15
	NOT BREAKING B/C ALLWORDS != FOUNDWORDS
	positions[0]: (3448, 'network')
	#1 RESULT OF CONDITIONAL: 0 + 0 < 3 || 0 - 0 > 0: True
	EXCEEDED: 0
	#2 RESULT OF CONDITIONAL: 0 + 0 < 2: True
	AHEAD_IDX: 3448, AHEAD_WORD: network (DIST: 0)
	#3 RESULT OF CONDITIONAL: 0 - 0 >= 0: True
	BEHIND_IDX: 3448, BEHIND_WORD: network (DIST: 0)
	NOT BREAKING B/C ALLWORDS != FOUNDWORDS && EXCEEDED != 2
	positions[1]: (3543, 'in')
	#1 RESULT OF CONDITIONAL: 0 + 1 < 3 || 0 - 1 > 0: True
	EXCEEDED: 0
	#2 RESULT OF CONDITIONAL: 0 + 1 < 2: True
	AHEAD_IDX: 3543, AHEAD_WORD: in (DIST: 95)
	#1 ADDED WORD TO FOUNDWORDS: {'network', 'in'}
	#3 RESULT OF CONDITIONAL: 0 - 1 >= 0: False
	NOT ENTERING SEARCH J BEHIND B/C: 0 - 1 >= 0: False
	NOT BREAKING B/C ALLWORDS != FOUNDWORDS && EXCEEDED != 2
	positions[2]: (3592, 'a')
	#1 RESULT OF CONDITIONAL: 0 + 2 < 3 || 0 - 2 > 0: True
	EXCEEDED: 0
	#3 RESULT OF CONDITIONAL: 0 - 2 >= 0: False
	NOT ENTERING SEARCH J BEHIND B/C: 0 - 2 >= 0: False
	NOT BREAKING B/C ALLWORDS != FOUNDWORDS && EXCEEDED != 2
	NOT BREAKING B/C ALLWORDS != FOUNDWORDS
	positions[0]: (3448, 'network')
	#1 RESULT OF CONDITIONAL: 1 + 0 < 3 || 1 - 0 > 0: True
	EXCEEDED: 0
	#2 RESULT OF CONDITIONAL: 1 + 0 < 2: True
	AHEAD_IDX: 3543, AHEAD_WORD: in (DIST: 0)
	#3 RESULT OF CONDITIONAL: 1 - 0 >= 0: True
	BEHIND_IDX: 3543, BEHIND_WORD: in (DIST: 0)
	NOT BREAKING B/C ALLWORDS != FOUNDWORDS && EXCEEDED != 2
	positions[1]: (3543, 'in')
	#1 RESULT OF CONDITIONAL: 1 + 1 < 3 || 1 - 1 > 0: True
	EXCEEDED: 0
	#3 RESULT OF CONDITIONAL: 1 - 1 >= 0: True
	BEHIND_IDX: 3448, BEHIND_WORD: network (DIST: 95)
	#2 ADDED WORD TO FOUNDWORDS: {'network', 'in'}
	NOT BREAKING B/C ALLWORDS != FOUNDWORDS && EXCEEDED != 2
	positions[2]: (3592, 'a')
	#1 RESULT OF CONDITIONAL: 1 + 2 < 3 || 1 - 2 > 0: False
	NOT BREAKING B/C ALLWORDS != FOUNDWORDS
	positions[0]: (3448, 'network')
	#1 RESULT OF CONDITIONAL: 2 + 0 < 3 || 2 - 0 > 0: True
	EXCEEDED: 0
	#3 RESULT OF CONDITIONAL: 2 - 0 >= 0: True
	BEHIND_IDX: 3592, BEHIND_WORD: a (DIST: 0)
	NOT BREAKING B/C ALLWORDS != FOUNDWORDS && EXCEEDED != 2
	positions[1]: (3543, 'in')
	#1 RESULT OF CONDITIONAL: 2 + 1 < 3 || 2 - 1 > 0: True
	EXCEEDED: 0
	#3 RESULT OF CONDITIONAL: 2 - 1 >= 0: True
	BEHIND_IDX: 3543, BEHIND_WORD: in (DIST: 49)
	#2 ADDED WORD TO FOUNDWORDS: {'in', 'a'}
	NOT BREAKING B/C ALLWORDS != FOUNDWORDS && EXCEEDED != 2
	positions[2]: (3592, 'a')
	#1 RESULT OF CONDITIONAL: 2 + 2 < 3 || 2 - 2 > 0: False
[NOTE] # OF ITERATIONS: 16
	NOT BREAKING B/C ALLWORDS != FOUNDWORDS
	positions[0]: (1537, 'network')
	#1 RESULT OF CONDITIONAL: 0 + 0 < 3 || 0 - 0 > 0: True
	EXCEEDED: 0
	#2 RESULT OF CONDITIONAL: 0 + 0 < 2: True
	AHEAD_IDX: 1537, AHEAD_WORD: network (DIST: 0)
	#3 RESULT OF CONDITIONAL: 0 - 0 >= 0: True
	BEHIND_IDX: 1537, BEHIND_WORD: network (DIST: 0)
	NOT BREAKING B/C ALLWORDS != FOUNDWORDS && EXCEEDED != 2
	positions[1]: (1947, 'in')
	#1 RESULT OF CONDITIONAL: 0 + 1 < 3 || 0 - 1 > 0: True
	EXCEEDED: 0
	#2 RESULT OF CONDITIONAL: 0 + 1 < 2: True
	AHEAD_IDX: 1947, AHEAD_WORD: in (DIST: 410)
	#1 INCREMENTED EXCEEDED: 1
	#3 RESULT OF CONDITIONAL: 0 - 1 >= 0: False
	NOT ENTERING SEARCH J BEHIND B/C: 0 - 1 >= 0: False
	NOT BREAKING B/C ALLWORDS != FOUNDWORDS && EXCEEDED != 2
	positions[2]: (2064, 'a')
	#1 RESULT OF CONDITIONAL: 0 + 2 < 3 || 0 - 2 > 0: True
	EXCEEDED: 0
	#3 RESULT OF CONDITIONAL: 0 - 2 >= 0: False
	NOT ENTERING SEARCH J BEHIND B/C: 0 - 2 >= 0: False
	NOT BREAKING B/C ALLWORDS != FOUNDWORDS && EXCEEDED != 2
	NOT BREAKING B/C ALLWORDS != FOUNDWORDS
	positions[0]: (1537, 'network')
	#1 RESULT OF CONDITIONAL: 1 + 0 < 3 || 1 - 0 > 0: True
	EXCEEDED: 0
	#2 RESULT OF CONDITIONAL: 1 + 0 < 2: True
	AHEAD_IDX: 1947, AHEAD_WORD: in (DIST: 0)
	#3 RESULT OF CONDITIONAL: 1 - 0 >= 0: True
	BEHIND_IDX: 1947, BEHIND_WORD: in (DIST: 0)
	NOT BREAKING B/C ALLWORDS != FOUNDWORDS && EXCEEDED != 2
	positions[1]: (1947, 'in')
	#1 RESULT OF CONDITIONAL: 1 + 1 < 3 || 1 - 1 > 0: True
	EXCEEDED: 0
	#3 RESULT OF CONDITIONAL: 1 - 1 >= 0: True
	BEHIND_IDX: 1537, BEHIND_WORD: network (DIST: 410)
	#2 INCREMENTED EXCEEDED: 1
	NOT BREAKING B/C ALLWORDS != FOUNDWORDS && EXCEEDED != 2
	positions[2]: (2064, 'a')
	#1 RESULT OF CONDITIONAL: 1 + 2 < 3 || 1 - 2 > 0: False
	NOT BREAKING B/C ALLWORDS != FOUNDWORDS
	positions[0]: (1537, 'network')
	#1 RESULT OF CONDITIONAL: 2 + 0 < 3 || 2 - 0 > 0: True
	EXCEEDED: 0
	#3 RESULT OF CONDITIONAL: 2 - 0 >= 0: True
	BEHIND_IDX: 2064, BEHIND_WORD: a (DIST: 0)
	NOT BREAKING B/C ALLWORDS != FOUNDWORDS && EXCEEDED != 2
	positions[1]: (1947, 'in')
	#1 RESULT OF CONDITIONAL: 2 + 1 < 3 || 2 - 1 > 0: True
	EXCEEDED: 0
	#3 RESULT OF CONDITIONAL: 2 - 1 >= 0: True
	BEHIND_IDX: 1947, BEHIND_WORD: in (DIST: 117)
	#2 ADDED WORD TO FOUNDWORDS: {'in', 'a'}
	NOT BREAKING B/C ALLWORDS != FOUNDWORDS && EXCEEDED != 2
	positions[2]: (2064, 'a')
	#1 RESULT OF CONDITIONAL: 2 + 2 < 3 || 2 - 2 > 0: False
[NOTE] # OF ITERATIONS: 17
	NOT BREAKING B/C ALLWORDS != FOUNDWORDS
	positions[0]: (4512, 'network')
	#1 RESULT OF CONDITIONAL: 0 + 0 < 3 || 0 - 0 > 0: True
	EXCEEDED: 0
	#2 RESULT OF CONDITIONAL: 0 + 0 < 2: True
	AHEAD_IDX: 4512, AHEAD_WORD: network (DIST: 0)
	#3 RESULT OF CONDITIONAL: 0 - 0 >= 0: True
	BEHIND_IDX: 4512, BEHIND_WORD: network (DIST: 0)
	NOT BREAKING B/C ALLWORDS != FOUNDWORDS && EXCEEDED != 2
	positions[1]: (4718, 'in')
	#1 RESULT OF CONDITIONAL: 0 + 1 < 3 || 0 - 1 > 0: True
	EXCEEDED: 0
	#2 RESULT OF CONDITIONAL: 0 + 1 < 2: True
	AHEAD_IDX: 4718, AHEAD_WORD: in (DIST: 206)
	#1 INCREMENTED EXCEEDED: 1
	#3 RESULT OF CONDITIONAL: 0 - 1 >= 0: False
	NOT ENTERING SEARCH J BEHIND B/C: 0 - 1 >= 0: False
	NOT BREAKING B/C ALLWORDS != FOUNDWORDS && EXCEEDED != 2
	positions[2]: (4909, 'a')
	#1 RESULT OF CONDITIONAL: 0 + 2 < 3 || 0 - 2 > 0: True
	EXCEEDED: 0
	#3 RESULT OF CONDITIONAL: 0 - 2 >= 0: False
	NOT ENTERING SEARCH J BEHIND B/C: 0 - 2 >= 0: False
	NOT BREAKING B/C ALLWORDS != FOUNDWORDS && EXCEEDED != 2
	NOT BREAKING B/C ALLWORDS != FOUNDWORDS
	positions[0]: (4512, 'network')
	#1 RESULT OF CONDITIONAL: 1 + 0 < 3 || 1 - 0 > 0: True
	EXCEEDED: 0
	#2 RESULT OF CONDITIONAL: 1 + 0 < 2: True
	AHEAD_IDX: 4718, AHEAD_WORD: in (DIST: 0)
	#3 RESULT OF CONDITIONAL: 1 - 0 >= 0: True
	BEHIND_IDX: 4718, BEHIND_WORD: in (DIST: 0)
	NOT BREAKING B/C ALLWORDS != FOUNDWORDS && EXCEEDED != 2
	positions[1]: (4718, 'in')
	#1 RESULT OF CONDITIONAL: 1 + 1 < 3 || 1 - 1 > 0: True
	EXCEEDED: 0
	#3 RESULT OF CONDITIONAL: 1 - 1 >= 0: True
	BEHIND_IDX: 4512, BEHIND_WORD: network (DIST: 206)
	#2 INCREMENTED EXCEEDED: 1
	NOT BREAKING B/C ALLWORDS != FOUNDWORDS && EXCEEDED != 2
	positions[2]: (4909, 'a')
	#1 RESULT OF CONDITIONAL: 1 + 2 < 3 || 1 - 2 > 0: False
	NOT BREAKING B/C ALLWORDS != FOUNDWORDS
	positions[0]: (4512, 'network')
	#1 RESULT OF CONDITIONAL: 2 + 0 < 3 || 2 - 0 > 0: True
	EXCEEDED: 0
	#3 RESULT OF CONDITIONAL: 2 - 0 >= 0: True
	BEHIND_IDX: 4909, BEHIND_WORD: a (DIST: 0)
	NOT BREAKING B/C ALLWORDS != FOUNDWORDS && EXCEEDED != 2
	positions[1]: (4718, 'in')
	#1 RESULT OF CONDITIONAL: 2 + 1 < 3 || 2 - 1 > 0: True
	EXCEEDED: 0
	#3 RESULT OF CONDITIONAL: 2 - 1 >= 0: True
	BEHIND_IDX: 4718, BEHIND_WORD: in (DIST: 191)
	#2 ADDED WORD TO FOUNDWORDS: {'in', 'a'}
	NOT BREAKING B/C ALLWORDS != FOUNDWORDS && EXCEEDED != 2
	positions[2]: (4909, 'a')
	#1 RESULT OF CONDITIONAL: 2 + 2 < 3 || 2 - 2 > 0: False
[NOTE] # OF ITERATIONS: 18
	NOT BREAKING B/C ALLWORDS != FOUNDWORDS
	positions[0]: (3670, 'network')
	#1 RESULT OF CONDITIONAL: 0 + 0 < 3 || 0 - 0 > 0: True
	EXCEEDED: 0
	#2 RESULT OF CONDITIONAL: 0 + 0 < 2: True
	AHEAD_IDX: 3670, AHEAD_WORD: network (DIST: 0)
	#3 RESULT OF CONDITIONAL: 0 - 0 >= 0: True
	BEHIND_IDX: 3670, BEHIND_WORD: network (DIST: 0)
	NOT BREAKING B/C ALLWORDS != FOUNDWORDS && EXCEEDED != 2
	positions[1]: (5418, 'in')
	#1 RESULT OF CONDITIONAL: 0 + 1 < 3 || 0 - 1 > 0: True
	EXCEEDED: 0
	#2 RESULT OF CONDITIONAL: 0 + 1 < 2: True
	AHEAD_IDX: 5418, AHEAD_WORD: in (DIST: 1748)
	#1 INCREMENTED EXCEEDED: 1
	#3 RESULT OF CONDITIONAL: 0 - 1 >= 0: False
	NOT ENTERING SEARCH J BEHIND B/C: 0 - 1 >= 0: False
	NOT BREAKING B/C ALLWORDS != FOUNDWORDS && EXCEEDED != 2
	positions[2]: (5422, 'a')
	#1 RESULT OF CONDITIONAL: 0 + 2 < 3 || 0 - 2 > 0: True
	EXCEEDED: 0
	#3 RESULT OF CONDITIONAL: 0 - 2 >= 0: False
	NOT ENTERING SEARCH J BEHIND B/C: 0 - 2 >= 0: False
	NOT BREAKING B/C ALLWORDS != FOUNDWORDS && EXCEEDED != 2
	NOT BREAKING B/C ALLWORDS != FOUNDWORDS
	positions[0]: (3670, 'network')
	#1 RESULT OF CONDITIONAL: 1 + 0 < 3 || 1 - 0 > 0: True
	EXCEEDED: 0
	#2 RESULT OF CONDITIONAL: 1 + 0 < 2: True
	AHEAD_IDX: 5418, AHEAD_WORD: in (DIST: 0)
	#3 RESULT OF CONDITIONAL: 1 - 0 >= 0: True
	BEHIND_IDX: 5418, BEHIND_WORD: in (DIST: 0)
	NOT BREAKING B/C ALLWORDS != FOUNDWORDS && EXCEEDED != 2
	positions[1]: (5418, 'in')
	#1 RESULT OF CONDITIONAL: 1 + 1 < 3 || 1 - 1 > 0: True
	EXCEEDED: 0
	#3 RESULT OF CONDITIONAL: 1 - 1 >= 0: True
	BEHIND_IDX: 3670, BEHIND_WORD: network (DIST: 1748)
	#2 INCREMENTED EXCEEDED: 1
	NOT BREAKING B/C ALLWORDS != FOUNDWORDS && EXCEEDED != 2
	positions[2]: (5422, 'a')
	#1 RESULT OF CONDITIONAL: 1 + 2 < 3 || 1 - 2 > 0: False
	NOT BREAKING B/C ALLWORDS != FOUNDWORDS
	positions[0]: (3670, 'network')
	#1 RESULT OF CONDITIONAL: 2 + 0 < 3 || 2 - 0 > 0: True
	EXCEEDED: 0
	#3 RESULT OF CONDITIONAL: 2 - 0 >= 0: True
	BEHIND_IDX: 5422, BEHIND_WORD: a (DIST: 0)
	NOT BREAKING B/C ALLWORDS != FOUNDWORDS && EXCEEDED != 2
	positions[1]: (5418, 'in')
	#1 RESULT OF CONDITIONAL: 2 + 1 < 3 || 2 - 1 > 0: True
	EXCEEDED: 0
	#3 RESULT OF CONDITIONAL: 2 - 1 >= 0: True
	BEHIND_IDX: 5418, BEHIND_WORD: in (DIST: 4)
	#2 ADDED WORD TO FOUNDWORDS: {'in', 'a'}
	NOT BREAKING B/C ALLWORDS != FOUNDWORDS && EXCEEDED != 2
	positions[2]: (5422, 'a')
	#1 RESULT OF CONDITIONAL: 2 + 2 < 3 || 2 - 2 > 0: False
[NOTE] # OF ITERATIONS: 19
[NOTE] # OF ITERATIONS: 20
[NOTE] # OF ITERATIONS: 21
[NOTE] # OF ITERATIONS: 22
[NOTE] # OF ITERATIONS: 23
[NOTE] # OF ITERATIONS: 24
[NOTE] # OF ITERATIONS: 25
[NOTE] # OF ITERATIONS: 26
[NOTE] # OF ITERATIONS: 27
[NOTE] # OF ITERATIONS: 28
[NOTE] # OF ITERATIONS: 29
[NOTE] # OF ITERATIONS: 30
[NOTE] # OF ITERATIONS: 31
[NOTE] # OF ITERATIONS: 32
[NOTE] # OF ITERATIONS: 33
[NOTE] # OF ITERATIONS: 34
[NOTE] # OF ITERATIONS: 35
[NOTE] # OF ITERATIONS: 36
[NOTE] # OF ITERATIONS: 37
[NOTE] # OF ITERATIONS: 38
[NOTE] # OF ITERATIONS: 39
[NOTE] # OF ITERATIONS: 40
[NOTE] # OF ITERATIONS: 41
[NOTE] # OF ITERATIONS: 42
[NOTE] # OF ITERATIONS: 43
[NOTE] # OF ITERATIONS: 44
[NOTE] # OF ITERATIONS: 45
[NOTE] # OF ITERATIONS: 46
[NOTE] # OF ITERATIONS: 47
[NOTE] # OF ITERATIONS: 48
[NOTE] # OF ITERATIONS: 49
[NOTE] # OF ITERATIONS: 50
[NOTE] # OF ITERATIONS: 51
[NOTE] # OF ITERATIONS: 52
[NOTE] # OF ITERATIONS: 53
[NOTE] # OF ITERATIONS: 54
[NOTE] # OF ITERATIONS: 55
[NOTE] # OF ITERATIONS: 56
[NOTE] # OF ITERATIONS: 57
[NOTE] # OF ITERATIONS: 58
[NOTE] # OF ITERATIONS: 59
[NOTE] # OF ITERATIONS: 60
[NOTE] # OF ITERATIONS: 61
[NOTE] # OF ITERATIONS: 62
[NOTE] # OF ITERATIONS: 63
[NOTE] # OF ITERATIONS: 64
[NOTE] # OF ITERATIONS: 65
[NOTE] # OF ITERATIONS: 66
[NOTE] # OF ITERATIONS: 67
[NOTE] # OF ITERATIONS: 68
[NOTE] # OF ITERATIONS: 69
[NOTE] # OF ITERATIONS: 70
[NOTE] # OF ITERATIONS: 71
[NOTE] # OF ITERATIONS: 72
[NOTE] # OF ITERATIONS: 73
[NOTE] # OF ITERATIONS: 74
[NOTE] # OF ITERATIONS: 75
[NOTE] # OF ITERATIONS: 76
[NOTE] # OF ITERATIONS: 77
[NOTE] # OF ITERATIONS: 78
[NOTE] # OF ITERATIONS: 79
[NOTE] # OF ITERATIONS: 80
[NOTE] # OF ITERATIONS: 81
[NOTE] # OF ITERATIONS: 82
[NOTE] # OF ITERATIONS: 83
[NOTE] # OF ITERATIONS: 84
[NOTE] # OF ITERATIONS: 85
[NOTE] # OF ITERATIONS: 86
[NOTE] # OF ITERATIONS: 87
[NOTE] # OF ITERATIONS: 88
[NOTE] # OF ITERATIONS: 89
[NOTE] # OF ITERATIONS: 90
[NOTE] # OF ITERATIONS: 91
[NOTE] # OF ITERATIONS: 92
[NOTE] # OF ITERATIONS: 93
[NOTE] # OF ITERATIONS: 94
[NOTE] # OF ITERATIONS: 95
[NOTE] # OF ITERATIONS: 96
[NOTE] # OF ITERATIONS: 97
[NOTE] # OF ITERATIONS: 98
[NOTE] # OF ITERATIONS: 99
[NOTE] # OF ITERATIONS: 100
[NOTE] # OF ITERATIONS: 101
[NOTE] # OF ITERATIONS: 102
[NOTE] # OF ITERATIONS: 103
[NOTE] # OF ITERATIONS: 104
[NOTE] # OF ITERATIONS: 105
[NOTE] # OF ITERATIONS: 106
[NOTE] # OF ITERATIONS: 107
[NOTE] # OF ITERATIONS: 108
[NOTE] # OF ITERATIONS: 109
[NOTE] # OF ITERATIONS: 110
[NOTE] # OF ITERATIONS: 111
[NOTE] # OF ITERATIONS: 112
[NOTE] # OF ITERATIONS: 113
[NOTE] # OF ITERATIONS: 114
[NOTE] # OF ITERATIONS: 115
[NOTE] # OF ITERATIONS: 116
[NOTE] # OF ITERATIONS: 117
[NOTE] # OF ITERATIONS: 118
[NOTE] # OF ITERATIONS: 119
[NOTE] # OF ITERATIONS: 120
[NOTE] # OF ITERATIONS: 121
[NOTE] # OF ITERATIONS: 122
[NOTE] # OF ITERATIONS: 123
[NOTE] # OF ITERATIONS: 124
[NOTE] # OF ITERATIONS: 125
[NOTE] # OF ITERATIONS: 126
[NOTE] # OF ITERATIONS: 127
[NOTE] # OF ITERATIONS: 128
[NOTE] # OF ITERATIONS: 129
[NOTE] # OF ITERATIONS: 130
[NOTE] # OF ITERATIONS: 131
[NOTE] # OF ITERATIONS: 132
[NOTE] # OF ITERATIONS: 133
[NOTE] # OF ITERATIONS: 134
[NOTE] # OF ITERATIONS: 135
[NOTE] # OF ITERATIONS: 136
[NOTE] # OF ITERATIONS: 137
[NOTE] # OF ITERATIONS: 138
[NOTE] # OF ITERATIONS: 139
[NOTE] # OF ITERATIONS: 140
[NOTE] # OF ITERATIONS: 141
[NOTE] # OF ITERATIONS: 142
[NOTE] # OF ITERATIONS: 143
[NOTE] # OF ITERATIONS: 144
[NOTE] # OF ITERATIONS: 145
[NOTE] # OF ITERATIONS: 146
[NOTE] # OF ITERATIONS: 147
[NOTE] # OF ITERATIONS: 148
[NOTE] # OF ITERATIONS: 149
[NOTE] # OF ITERATIONS: 150
[NOTE] # OF ITERATIONS: 151
[NOTE] # OF ITERATIONS: 152
[NOTE] # OF ITERATIONS: 153
[NOTE] # OF ITERATIONS: 154
[NOTE] # OF ITERATIONS: 155
[NOTE] # OF ITERATIONS: 156
[NOTE] # OF ITERATIONS: 157
[NOTE] # OF ITERATIONS: 158
[NOTE] # OF ITERATIONS: 159
[NOTE] # OF ITERATIONS: 160
[NOTE] # OF ITERATIONS: 161
[NOTE] # OF ITERATIONS: 162
[NOTE] # OF ITERATIONS: 163
[NOTE] # OF ITERATIONS: 164
[NOTE] # OF ITERATIONS: 165
[NOTE] # OF ITERATIONS: 166
[NOTE] # OF ITERATIONS: 167
[NOTE] # OF ITERATIONS: 168
[NOTE] # OF ITERATIONS: 169
[NOTE] # OF ITERATIONS: 170
[NOTE] # OF ITERATIONS: 171
[NOTE] # OF ITERATIONS: 172
[NOTE] # OF ITERATIONS: 173
[NOTE] # OF ITERATIONS: 174
[NOTE] # OF ITERATIONS: 175
[NOTE] # OF ITERATIONS: 176
[NOTE] # OF ITERATIONS: 177
[NOTE] # OF ITERATIONS: 178
[NOTE] # OF ITERATIONS: 179
[NOTE] # OF ITERATIONS: 180
[NOTE] # OF ITERATIONS: 181
[NOTE] # OF ITERATIONS: 182
[NOTE] # OF ITERATIONS: 183
[NOTE] # OF ITERATIONS: 184
[NOTE] # OF ITERATIONS: 185
[NOTE] # OF ITERATIONS: 186
[NOTE] # OF ITERATIONS: 187
[NOTE] # OF ITERATIONS: 188
[NOTE] # OF ITERATIONS: 189
[NOTE] # OF ITERATIONS: 190
[NOTE] # OF ITERATIONS: 191
[NOTE] # OF ITERATIONS: 192
[NOTE] # OF ITERATIONS: 193
[NOTE] # OF ITERATIONS: 194
[NOTE] # OF ITERATIONS: 195
[NOTE] # OF ITERATIONS: 196
[NOTE] # OF ITERATIONS: 197
[NOTE] # OF ITERATIONS: 198
[NOTE] # OF ITERATIONS: 199
[NOTE] # OF ITERATIONS: 200
[NOTE] # OF ITERATIONS: 201
[NOTE] # OF ITERATIONS: 202
[NOTE] # OF ITERATIONS: 203
[NOTE] # OF ITERATIONS: 204
[NOTE] # OF ITERATIONS: 205
[NOTE] # OF ITERATIONS: 206
[NOTE] # OF ITERATIONS: 207
[NOTE] # OF ITERATIONS: 208
[NOTE] # OF ITERATIONS: 209
[NOTE] # OF ITERATIONS: 210
[NOTE] # OF ITERATIONS: 211
[NOTE] # OF ITERATIONS: 212
[NOTE] # OF ITERATIONS: 213
[NOTE] # OF ITERATIONS: 214
[NOTE] # OF ITERATIONS: 215
[NOTE] # OF ITERATIONS: 216
[NOTE] # OF ITERATIONS: 217
[NOTE] # OF ITERATIONS: 218
[NOTE] # OF ITERATIONS: 219
[NOTE] # OF ITERATIONS: 220
[NOTE] # OF ITERATIONS: 221
[NOTE] # OF ITERATIONS: 222
[NOTE] # OF ITERATIONS: 223
[NOTE] # OF ITERATIONS: 224
[NOTE] # OF ITERATIONS: 225
[NOTE] # OF ITERATIONS: 226
[NOTE] # OF ITERATIONS: 227
[NOTE] # OF ITERATIONS: 228
[NOTE] # OF ITERATIONS: 229
[NOTE] # OF ITERATIONS: 230
[NOTE] # OF ITERATIONS: 231
[NOTE] # OF ITERATIONS: 232
[NOTE] # OF ITERATIONS: 233
[NOTE] # OF ITERATIONS: 234
[NOTE] # OF ITERATIONS: 235
[NOTE] # OF ITERATIONS: 236
[NOTE] # OF ITERATIONS: 237
[NOTE] # OF ITERATIONS: 238
[NOTE] # OF ITERATIONS: 239
[NOTE] # OF ITERATIONS: 240
[NOTE] # OF ITERATIONS: 241
[NOTE] # OF ITERATIONS: 242
[NOTE] # OF ITERATIONS: 243
[NOTE] # OF ITERATIONS: 244
[NOTE] # OF ITERATIONS: 245
[NOTE] # OF ITERATIONS: 246
[NOTE] # OF ITERATIONS: 247
[NOTE] # OF ITERATIONS: 248
[NOTE] # OF ITERATIONS: 249
[NOTE] # OF ITERATIONS: 250
[NOTE] # OF ITERATIONS: 251
[NOTE] # OF ITERATIONS: 252
[NOTE] # OF ITERATIONS: 253
[NOTE] # OF ITERATIONS: 254
[NOTE] # OF ITERATIONS: 255
[NOTE] # OF ITERATIONS: 256
[NOTE] # OF ITERATIONS: 257
[NOTE] # OF ITERATIONS: 258
[NOTE] # OF ITERATIONS: 259
[NOTE] # OF ITERATIONS: 260
[NOTE] # OF ITERATIONS: 261
[NOTE] # OF ITERATIONS: 262
[NOTE] # OF ITERATIONS: 263
[NOTE] # OF ITERATIONS: 264
[NOTE] # OF ITERATIONS: 265
[NOTE] # OF ITERATIONS: 266
[NOTE] # OF ITERATIONS: 267
[NOTE] # OF ITERATIONS: 268
[NOTE] # OF ITERATIONS: 269
[NOTE] # OF ITERATIONS: 270
[NOTE] # OF ITERATIONS: 271
[NOTE] # OF ITERATIONS: 272
[NOTE] # OF ITERATIONS: 273
[NOTE] # OF ITERATIONS: 274
[NOTE] # OF ITERATIONS: 275
[NOTE] # OF ITERATIONS: 276
[NOTE] # OF ITERATIONS: 277
[NOTE] # OF ITERATIONS: 278
[NOTE] # OF ITERATIONS: 279
[NOTE] # OF ITERATIONS: 280
[NOTE] # OF ITERATIONS: 281
[NOTE] # OF ITERATIONS: 282
[NOTE] # OF ITERATIONS: 283
[NOTE] # OF ITERATIONS: 284
[NOTE] # OF ITERATIONS: 285
[NOTE] # OF ITERATIONS: 286
[NOTE] # OF ITERATIONS: 287
[NOTE] # OF ITERATIONS: 288
[NOTE] # OF ITERATIONS: 289
[NOTE] # OF ITERATIONS: 290
[NOTE] # OF ITERATIONS: 291
[NOTE] # OF ITERATIONS: 292
[NOTE] # OF ITERATIONS: 293
[NOTE] # OF ITERATIONS: 294
[NOTE] # OF ITERATIONS: 295
[NOTE] # OF ITERATIONS: 296
[NOTE] # OF ITERATIONS: 297
[NOTE] # OF ITERATIONS: 298
[NOTE] # OF ITERATIONS: 299
[NOTE] # OF ITERATIONS: 300
[NOTE] # OF ITERATIONS: 301
[NOTE] # OF ITERATIONS: 302
[NOTE] # OF ITERATIONS: 303
[NOTE] # OF ITERATIONS: 304
[NOTE] # OF ITERATIONS: 305
[NOTE] # OF ITERATIONS: 306
[NOTE] # OF ITERATIONS: 307
[NOTE] # OF ITERATIONS: 308
[NOTE] # OF ITERATIONS: 309
[NOTE] # OF ITERATIONS: 310
[NOTE] # OF ITERATIONS: 311
[NOTE] # OF ITERATIONS: 312
[NOTE] # OF ITERATIONS: 313
[NOTE] # OF ITERATIONS: 314
[NOTE] # OF ITERATIONS: 315
[NOTE] # OF ITERATIONS: 316
[NOTE] # OF ITERATIONS: 317
[NOTE] # OF ITERATIONS: 318
[NOTE] # OF ITERATIONS: 319
[NOTE] # OF ITERATIONS: 320
[NOTE] # OF ITERATIONS: 321
[NOTE] # OF ITERATIONS: 322
[NOTE] # OF ITERATIONS: 323
[NOTE] # OF ITERATIONS: 324
[NOTE] # OF ITERATIONS: 325
[NOTE] # OF ITERATIONS: 326
[NOTE] # OF ITERATIONS: 327
[NOTE] # OF ITERATIONS: 328
[NOTE] # OF ITERATIONS: 329
[NOTE] # OF ITERATIONS: 330
[NOTE] # OF ITERATIONS: 331
[NOTE] # OF ITERATIONS: 332
[NOTE] # OF ITERATIONS: 333
[NOTE] # OF ITERATIONS: 334
[NOTE] # OF ITERATIONS: 335
[NOTE] # OF ITERATIONS: 336
[NOTE] # OF ITERATIONS: 337
[NOTE] # OF ITERATIONS: 338
[NOTE] # OF ITERATIONS: 339
[NOTE] # OF ITERATIONS: 340
[NOTE] # OF ITERATIONS: 341
[NOTE] # OF ITERATIONS: 342
[NOTE] # OF ITERATIONS: 343
[NOTE] # OF ITERATIONS: 344
[NOTE] # OF ITERATIONS: 345
[NOTE] # OF ITERATIONS: 346
[NOTE] # OF ITERATIONS: 347
[NOTE] # OF ITERATIONS: 348
[NOTE] # OF ITERATIONS: 349
[NOTE] # OF ITERATIONS: 350
[NOTE] # OF ITERATIONS: 351
[NOTE] # OF ITERATIONS: 352
[NOTE] # OF ITERATIONS: 353
[NOTE] # OF ITERATIONS: 354
[NOTE] # OF ITERATIONS: 355
[NOTE] # OF ITERATIONS: 356
[NOTE] # OF ITERATIONS: 357
[NOTE] # OF ITERATIONS: 358
[NOTE] # OF ITERATIONS: 359
[NOTE] # OF ITERATIONS: 360
[NOTE] # OF ITERATIONS: 361
[NOTE] # OF ITERATIONS: 362
[NOTE] # OF ITERATIONS: 363
[NOTE] # OF ITERATIONS: 364
[NOTE] # OF ITERATIONS: 365
[NOTE] # OF ITERATIONS: 366
[NOTE] # OF ITERATIONS: 367
[NOTE] # OF ITERATIONS: 368
[NOTE] # OF ITERATIONS: 369
[NOTE] # OF ITERATIONS: 370
[NOTE] # OF ITERATIONS: 371
[NOTE] # OF ITERATIONS: 372
[NOTE] # OF ITERATIONS: 373
[NOTE] # OF ITERATIONS: 374
[NOTE] # OF ITERATIONS: 375
[NOTE] # OF ITERATIONS: 376
[NOTE] # OF ITERATIONS: 377
[NOTE] # OF ITERATIONS: 378
[NOTE] # OF ITERATIONS: 379
[NOTE] # OF ITERATIONS: 380
[NOTE] # OF ITERATIONS: 381
[NOTE] # OF ITERATIONS: 382
[NOTE] # OF ITERATIONS: 383
[NOTE] # OF ITERATIONS: 384
[NOTE] # OF ITERATIONS: 385
[NOTE] # OF ITERATIONS: 386
[NOTE] # OF ITERATIONS: 387
[NOTE] # OF ITERATIONS: 388
[NOTE] # OF ITERATIONS: 389
[NOTE] # OF ITERATIONS: 390
[NOTE] # OF ITERATIONS: 391
[NOTE] # OF ITERATIONS: 392
[NOTE] # OF ITERATIONS: 393
[NOTE] # OF ITERATIONS: 394
[NOTE] # OF ITERATIONS: 395
[NOTE] # OF ITERATIONS: 396
[NOTE] # OF ITERATIONS: 397
[NOTE] # OF ITERATIONS: 398
[NOTE] # OF ITERATIONS: 399
[NOTE] # OF ITERATIONS: 400
[NOTE] # OF ITERATIONS: 401
[NOTE] # OF ITERATIONS: 402
[NOTE] # OF ITERATIONS: 403
[NOTE] # OF ITERATIONS: 404
[NOTE] # OF ITERATIONS: 405
[NOTE] # OF ITERATIONS: 406
[NOTE] # OF ITERATIONS: 407
[NOTE] # OF ITERATIONS: 408
[NOTE] # OF ITERATIONS: 409
[NOTE] # OF ITERATIONS: 410
[NOTE] # OF ITERATIONS: 411
[NOTE] # OF ITERATIONS: 412
[NOTE] # OF ITERATIONS: 413
[NOTE] # OF ITERATIONS: 414
[NOTE] # OF ITERATIONS: 415
[NOTE] # OF ITERATIONS: 416
[NOTE] # OF ITERATIONS: 417
[NOTE] # OF ITERATIONS: 418
[NOTE] # OF ITERATIONS: 419
[NOTE] # OF ITERATIONS: 420
[NOTE] # OF ITERATIONS: 421
[NOTE] # OF ITERATIONS: 422
[NOTE] # OF ITERATIONS: 423
[NOTE] # OF ITERATIONS: 424
[NOTE] # OF ITERATIONS: 425
[NOTE] # OF ITERATIONS: 426
[NOTE] # OF ITERATIONS: 427
[NOTE] # OF ITERATIONS: 428
[NOTE] # OF ITERATIONS: 429
[NOTE] # OF ITERATIONS: 430
[NOTE] # OF ITERATIONS: 431
[NOTE] # OF ITERATIONS: 432
[NOTE] # OF ITERATIONS: 433
[NOTE] # OF ITERATIONS: 434
[NOTE] # OF ITERATIONS: 435
[NOTE] # OF ITERATIONS: 436
[NOTE] # OF ITERATIONS: 437
[NOTE] # OF ITERATIONS: 438
[NOTE] # OF ITERATIONS: 439
[NOTE] # OF ITERATIONS: 440
[NOTE] # OF ITERATIONS: 441
[NOTE] # OF ITERATIONS: 442
